2025-09-08 08:52:39 - ServerManager - INFO - ==================================================
2025-09-08 08:52:39 - ServerManager - INFO - Server Manager Application Starting
2025-09-08 08:52:39 - ServerManager - INFO - ==================================================
2025-09-08 08:52:39 - ServerManager - INFO - Ensured directory exists: Z:\Dev\etiket\runserver\config
2025-09-08 08:52:39 - ServerManager - INFO - Ensured directory exists: Z:\Dev\etiket\runserver\logs
2025-09-08 08:52:39 - ServerManager - INFO - Ensured directory exists: Z:\Dev\etiket\runserver\assets
2025-09-08 08:52:39 - ServerManager - INFO - Starting Server Manager Application
2025-09-08 08:52:39 - ServerManager - INFO - Initializing application services...
2025-09-08 08:52:39 - ServerManager - ERROR - Error initializing services: 'ConfigManager' object has no attribute 'initialize'
2025-09-08 08:55:03 - ServerManager - INFO - Application interrupted by user
2025-09-08 08:55:03 - ServerManager - INFO - Cleaning up application resources...
2025-09-08 08:55:03 - ServerManager - ERROR - Error during cleanup: 'ConfigManager' object has no attribute 'cleanup'
2025-09-08 08:55:03 - ServerManager - INFO - Application exited normally
2025-09-08 08:56:15 - ServerManager - INFO - ==================================================
2025-09-08 08:56:15 - ServerManager - INFO - Server Manager Application Starting
2025-09-08 08:56:15 - ServerManager - INFO - ==================================================
2025-09-08 08:56:15 - ServerManager - INFO - Ensured directory exists: Z:\Dev\etiket\runserver\config
2025-09-08 08:56:15 - ServerManager - INFO - Ensured directory exists: Z:\Dev\etiket\runserver\logs
2025-09-08 08:56:15 - ServerManager - INFO - Ensured directory exists: Z:\Dev\etiket\runserver\assets
2025-09-08 08:56:15 - ServerManager - INFO - Starting Server Manager Application
2025-09-08 08:56:15 - ServerManager - INFO - Initializing application services...
2025-09-08 08:56:15 - ServerManager - ERROR - Error initializing services: 'ConfigManager' object is not callable
2025-09-08 08:56:21 - ServerManager - INFO - Cleaning up application resources...
2025-09-08 08:56:21 - ServerManager - ERROR - Error during cleanup: 'ConfigManager' object is not callable
2025-09-08 08:56:21 - ServerManager - INFO - Application exited normally
2025-09-08 08:56:35 - ServerManager - INFO - ==================================================
2025-09-08 08:56:35 - ServerManager - INFO - Server Manager Application Starting
2025-09-08 08:56:35 - ServerManager - INFO - ==================================================
2025-09-08 08:56:35 - ServerManager - INFO - Ensured directory exists: Z:\Dev\etiket\runserver\config
2025-09-08 08:56:35 - ServerManager - INFO - Ensured directory exists: Z:\Dev\etiket\runserver\logs
2025-09-08 08:56:35 - ServerManager - INFO - Ensured directory exists: Z:\Dev\etiket\runserver\assets
2025-09-08 08:56:35 - ServerManager - INFO - Starting Server Manager Application
2025-09-08 08:56:35 - ServerManager - INFO - Initializing application services...
2025-09-08 08:56:35 - ServerManager - INFO - All services initialized successfully
2025-09-08 08:56:35 - ServerManager - INFO - Creating GUI...
2025-09-08 08:56:35 - ServerManager - ERROR - Error creating GUI: MainWindow.__init__() takes 2 positional arguments but 4 were given
2025-09-08 08:56:41 - ServerManager - INFO - Cleaning up application resources...
2025-09-08 08:56:41 - ServerManager - INFO - Application cleanup completed
2025-09-08 08:56:41 - ServerManager - INFO - Application exited normally
2025-09-08 08:56:55 - ServerManager - INFO - ==================================================
2025-09-08 08:56:55 - ServerManager - INFO - Server Manager Application Starting
2025-09-08 08:56:55 - ServerManager - INFO - ==================================================
2025-09-08 08:56:55 - ServerManager - INFO - Ensured directory exists: Z:\Dev\etiket\runserver\config
2025-09-08 08:56:55 - ServerManager - INFO - Ensured directory exists: Z:\Dev\etiket\runserver\logs
2025-09-08 08:56:55 - ServerManager - INFO - Ensured directory exists: Z:\Dev\etiket\runserver\assets
2025-09-08 08:56:55 - ServerManager - INFO - Starting Server Manager Application
2025-09-08 08:56:55 - ServerManager - INFO - Initializing application services...
2025-09-08 08:56:55 - ServerManager - INFO - All services initialized successfully
2025-09-08 08:56:55 - ServerManager - INFO - Creating GUI...
2025-09-08 08:56:56 - ServerManager - INFO - App Event: Server Manager initialized successfully!
2025-09-08 08:56:56 - ServerManager - ERROR - Error initializing theme manager: 'ThemeManager' object has no attribute 'load_theme'
2025-09-08 08:56:56 - ServerManager - ERROR - Error loading servers: 'ConfigManager' object has no attribute 'load_server_config'
2025-09-08 08:56:56 - ServerManager - ERROR - Error creating GUI: 'MainWindow' object has no attribute 'apply_theme'
2025-09-08 08:56:57 - ServerManager - ERROR - Error processing logs: main thread is not in main loop
2025-09-08 08:56:58 - ServerManager - INFO - Cleaning up application resources...
2025-09-08 08:56:58 - ServerManager - INFO - Application cleanup completed
2025-09-08 08:56:58 - ServerManager - INFO - Application exited normally
2025-09-08 08:57:46 - ServerManager - INFO - ==================================================
2025-09-08 08:57:46 - ServerManager - INFO - Server Manager Application Starting
2025-09-08 08:57:46 - ServerManager - INFO - ==================================================
2025-09-08 08:57:46 - ServerManager - INFO - Ensured directory exists: Z:\Dev\etiket\runserver\config
2025-09-08 08:57:46 - ServerManager - INFO - Ensured directory exists: Z:\Dev\etiket\runserver\logs
2025-09-08 08:57:46 - ServerManager - INFO - Ensured directory exists: Z:\Dev\etiket\runserver\assets
2025-09-08 08:57:46 - ServerManager - INFO - Starting Server Manager Application
2025-09-08 08:57:46 - ServerManager - INFO - Initializing application services...
2025-09-08 08:57:46 - ServerManager - INFO - All services initialized successfully
2025-09-08 08:57:46 - ServerManager - INFO - Creating GUI...
2025-09-08 08:57:47 - ServerManager - INFO - App Event: Server Manager initialized successfully!
2025-09-08 08:57:47 - ServerManager - INFO - GUI created successfully
2025-09-08 08:57:47 - ServerManager - INFO - Starting GUI main loop
2025-09-08 09:00:20 - ServerManager - INFO - Application closing...
2025-09-08 09:00:20 - ServerManager - INFO - Configuration saved
2025-09-08 09:00:20 - ServerManager - INFO - Cleaning up application resources...
2025-09-08 09:00:20 - ServerManager - INFO - Application cleanup completed
2025-09-08 09:00:20 - ServerManager - INFO - Application exited normally
2025-09-08 09:00:48 - ServerManager - INFO - ==================================================
2025-09-08 09:00:48 - ServerManager - INFO - Server Manager Application Starting
2025-09-08 09:00:48 - ServerManager - INFO - ==================================================
2025-09-08 09:00:48 - ServerManager - INFO - Ensured directory exists: Z:\Dev\etiket\runserver\config
2025-09-08 09:00:48 - ServerManager - INFO - Ensured directory exists: Z:\Dev\etiket\runserver\logs
2025-09-08 09:00:48 - ServerManager - INFO - Ensured directory exists: Z:\Dev\etiket\runserver\assets
2025-09-08 09:00:48 - ServerManager - INFO - Starting Server Manager Application
2025-09-08 09:00:48 - ServerManager - INFO - Initializing application services...
2025-09-08 09:00:48 - ServerManager - INFO - All services initialized successfully
2025-09-08 09:00:48 - ServerManager - INFO - Creating GUI...
2025-09-08 09:00:48 - ServerManager - INFO - App Event: Server Manager initialized successfully!
2025-09-08 09:00:48 - ServerManager - INFO - GUI created successfully
2025-09-08 09:00:48 - ServerManager - INFO - Starting GUI main loop
2025-09-08 09:01:27 - ServerManager - INFO - App Event: Log cleared
2025-09-08 09:01:30 - ServerManager - ERROR - Error adding server: ServerConfigDialog.__init__() missing 1 required positional argument: 'title'
2025-09-08 09:01:31 - ServerManager - ERROR - Error adding server: ServerConfigDialog.__init__() missing 1 required positional argument: 'title'
2025-09-08 09:01:31 - ServerManager - ERROR - Error adding server: ServerConfigDialog.__init__() missing 1 required positional argument: 'title'
2025-09-08 09:01:31 - ServerManager - ERROR - Error adding server: ServerConfigDialog.__init__() missing 1 required positional argument: 'title'
2025-09-08 09:01:38 - ServerManager - INFO - App Event: Executing: ipconfig
2025-09-08 09:01:45 - ServerManager - ERROR - Error adding server: ServerConfigDialog.__init__() missing 1 required positional argument: 'title'
2025-09-08 09:03:24 - ServerManager - INFO - ==================================================
2025-09-08 09:03:24 - ServerManager - INFO - Server Manager Application Starting
2025-09-08 09:03:24 - ServerManager - INFO - ==================================================
2025-09-08 09:03:24 - ServerManager - INFO - Ensured directory exists: Z:\Dev\etiket\runserver\config
2025-09-08 09:03:24 - ServerManager - INFO - Ensured directory exists: Z:\Dev\etiket\runserver\logs
2025-09-08 09:03:24 - ServerManager - INFO - Ensured directory exists: Z:\Dev\etiket\runserver\assets
2025-09-08 09:03:24 - ServerManager - INFO - Starting Server Manager Application
2025-09-08 09:03:24 - ServerManager - INFO - Initializing application services...
2025-09-08 09:03:24 - ServerManager - INFO - All services initialized successfully
2025-09-08 09:03:24 - ServerManager - INFO - Creating GUI...
2025-09-08 09:03:24 - ServerManager - INFO - App Event: Server Manager initialized successfully!
2025-09-08 09:03:24 - ServerManager - INFO - GUI created successfully
2025-09-08 09:03:24 - ServerManager - INFO - Starting GUI main loop
2025-09-08 09:04:28 - ServerManager - ERROR - Error adding server: ServerManagerService.add_server() takes 2 positional arguments but 3 were given
2025-09-08 09:04:56 - ServerManager - INFO - Application closing...
2025-09-08 09:04:56 - ServerManager - INFO - Configuration saved
2025-09-08 09:04:56 - ServerManager - INFO - Cleaning up application resources...
2025-09-08 09:04:56 - ServerManager - INFO - Application cleanup completed
2025-09-08 09:04:56 - ServerManager - INFO - Application exited normally
2025-09-08 09:08:41 - ServerManager - INFO - ==================================================
2025-09-08 09:08:41 - ServerManager - INFO - Server Manager Application Starting
2025-09-08 09:08:41 - ServerManager - INFO - ==================================================
2025-09-08 09:08:41 - ServerManager - INFO - Ensured directory exists: Z:\Dev\etiket\runserver\config
2025-09-08 09:08:41 - ServerManager - INFO - Ensured directory exists: Z:\Dev\etiket\runserver\logs
2025-09-08 09:08:41 - ServerManager - INFO - Ensured directory exists: Z:\Dev\etiket\runserver\assets
2025-09-08 09:08:41 - ServerManager - INFO - Starting Server Manager Application
2025-09-08 09:08:41 - ServerManager - INFO - Initializing application services...
2025-09-08 09:08:41 - ServerManager - INFO - All services initialized successfully
2025-09-08 09:08:41 - ServerManager - INFO - Creating GUI...
2025-09-08 09:08:42 - ServerManager - INFO - App Event: Server Manager initialized successfully!
2025-09-08 09:08:42 - ServerManager - INFO - GUI created successfully
2025-09-08 09:08:42 - ServerManager - INFO - Starting GUI main loop
2025-09-08 09:08:53 - ServerManager - INFO - Application closing...
2025-09-08 09:08:53 - ServerManager - INFO - Configuration saved
2025-09-08 09:08:53 - ServerManager - INFO - Cleaning up application resources...
2025-09-08 09:08:53 - ServerManager - INFO - Application cleanup completed
2025-09-08 09:08:53 - ServerManager - INFO - Application exited normally
2025-09-08 09:09:03 - ServerManager - INFO - ==================================================
2025-09-08 09:09:03 - ServerManager - INFO - Server Manager Application Starting
2025-09-08 09:09:03 - ServerManager - INFO - ==================================================
2025-09-08 09:09:03 - ServerManager - INFO - Ensured directory exists: Z:\Dev\etiket\runserver\config
2025-09-08 09:09:03 - ServerManager - INFO - Ensured directory exists: Z:\Dev\etiket\runserver\logs
2025-09-08 09:09:03 - ServerManager - INFO - Ensured directory exists: Z:\Dev\etiket\runserver\assets
2025-09-08 09:09:03 - ServerManager - INFO - Starting Server Manager Application
2025-09-08 09:09:03 - ServerManager - INFO - Initializing application services...
2025-09-08 09:09:03 - ServerManager - INFO - All services initialized successfully
2025-09-08 09:09:03 - ServerManager - INFO - Creating GUI...
2025-09-08 09:09:03 - ServerManager - INFO - App Event: Server Manager initialized successfully!
2025-09-08 09:09:03 - ServerManager - INFO - GUI created successfully
2025-09-08 09:09:03 - ServerManager - INFO - Starting GUI main loop
2025-09-08 09:09:36 - ServerManager - ERROR - Error creating server control for sso-server: attempted relative import beyond top-level package
2025-09-08 09:09:36 - ServerManager - INFO - App Event: Added server: sso-server
2025-09-08 09:09:42 - ServerManager - INFO - Application interrupted by user
2025-09-08 09:09:42 - ServerManager - INFO - Cleaning up application resources...
2025-09-08 09:09:42 - ServerManager - INFO - Application cleanup completed
2025-09-08 09:09:42 - ServerManager - INFO - Application exited normally
2025-09-08 09:09:43 - ServerManager - INFO - ==================================================
2025-09-08 09:09:43 - ServerManager - INFO - Server Manager Application Starting
2025-09-08 09:09:43 - ServerManager - INFO - ==================================================
2025-09-08 09:09:43 - ServerManager - INFO - Ensured directory exists: Z:\Dev\etiket\runserver\config
2025-09-08 09:09:43 - ServerManager - INFO - Ensured directory exists: Z:\Dev\etiket\runserver\logs
2025-09-08 09:09:43 - ServerManager - INFO - Ensured directory exists: Z:\Dev\etiket\runserver\assets
2025-09-08 09:09:43 - ServerManager - INFO - Starting Server Manager Application
2025-09-08 09:09:43 - ServerManager - INFO - Initializing application services...
2025-09-08 09:09:43 - ServerManager - INFO - All services initialized successfully
2025-09-08 09:09:43 - ServerManager - INFO - Creating GUI...
2025-09-08 09:09:44 - ServerManager - INFO - App Event: Server Manager initialized successfully!
2025-09-08 09:09:44 - ServerManager - ERROR - Error creating server control for sso-server: attempted relative import beyond top-level package
2025-09-08 09:09:44 - ServerManager - INFO - GUI created successfully
2025-09-08 09:09:44 - ServerManager - INFO - Starting GUI main loop
2025-09-08 09:09:58 - ServerManager - INFO - Application closing...
2025-09-08 09:09:58 - ServerManager - INFO - Configuration saved
2025-09-08 09:09:58 - ServerManager - INFO - Cleaning up application resources...
2025-09-08 09:09:58 - ServerManager - INFO - Application cleanup completed
2025-09-08 09:09:58 - ServerManager - INFO - Application exited normally
2025-09-08 09:10:45 - ServerManager - INFO - ==================================================
2025-09-08 09:10:45 - ServerManager - INFO - Server Manager Application Starting
2025-09-08 09:10:45 - ServerManager - INFO - ==================================================
2025-09-08 09:10:45 - ServerManager - INFO - Ensured directory exists: Z:\Dev\etiket\runserver\config
2025-09-08 09:10:45 - ServerManager - INFO - Ensured directory exists: Z:\Dev\etiket\runserver\logs
2025-09-08 09:10:45 - ServerManager - INFO - Ensured directory exists: Z:\Dev\etiket\runserver\assets
2025-09-08 09:10:45 - ServerManager - INFO - Starting Server Manager Application
2025-09-08 09:10:45 - ServerManager - INFO - Initializing application services...
2025-09-08 09:10:45 - ServerManager - INFO - All services initialized successfully
2025-09-08 09:10:45 - ServerManager - INFO - Creating GUI...
2025-09-08 09:10:46 - ServerManager - INFO - App Event: Server Manager initialized successfully!
2025-09-08 09:10:46 - ServerManager - INFO - GUI created successfully
2025-09-08 09:10:46 - ServerManager - INFO - Starting GUI main loop
2025-09-08 09:11:01 - ServerManager - INFO - Application closing...
2025-09-08 09:11:01 - ServerManager - INFO - Configuration saved
2025-09-08 09:11:01 - ServerManager - INFO - Cleaning up application resources...
2025-09-08 09:11:01 - ServerManager - INFO - Application cleanup completed
2025-09-08 09:11:01 - ServerManager - INFO - Application exited normally
2025-09-08 09:11:15 - ServerManager - INFO - ==================================================
2025-09-08 09:11:15 - ServerManager - INFO - Server Manager Application Starting
2025-09-08 09:11:15 - ServerManager - INFO - ==================================================
2025-09-08 09:11:15 - ServerManager - INFO - Ensured directory exists: Z:\Dev\etiket\runserver\config
2025-09-08 09:11:15 - ServerManager - INFO - Ensured directory exists: Z:\Dev\etiket\runserver\logs
2025-09-08 09:11:15 - ServerManager - INFO - Ensured directory exists: Z:\Dev\etiket\runserver\assets
2025-09-08 09:11:15 - ServerManager - INFO - Starting Server Manager Application
2025-09-08 09:11:15 - ServerManager - INFO - Initializing application services...
2025-09-08 09:11:15 - ServerManager - INFO - All services initialized successfully
2025-09-08 09:11:15 - ServerManager - INFO - Creating GUI...
2025-09-08 09:11:15 - ServerManager - INFO - App Event: Server Manager initialized successfully!
2025-09-08 09:11:15 - ServerManager - INFO - GUI created successfully
2025-09-08 09:11:15 - ServerManager - INFO - Starting GUI main loop
2025-09-08 09:11:28 - ServerManager - INFO - App Event: Started sso-server
2025-09-08 09:11:39 - ServerManager - INFO - App Event: Stopped sso-server
2025-09-08 09:12:15 - ServerManager - INFO - App Event: Added server: sso-master
2025-09-08 09:12:49 - ServerManager - INFO - App Event: Failed to stop sso-server
2025-09-08 09:12:49 - ServerManager - INFO - App Event: Failed to stop sso-master
2025-09-08 09:13:04 - ServerManager - INFO - Application closing...
2025-09-08 09:13:04 - ServerManager - INFO - Configuration saved
2025-09-08 09:13:04 - ServerManager - INFO - Cleaning up application resources...
2025-09-08 09:13:04 - ServerManager - INFO - Application cleanup completed
2025-09-08 09:13:04 - ServerManager - INFO - Application exited normally
2025-09-08 09:13:16 - ServerManager - INFO - ==================================================
2025-09-08 09:13:16 - ServerManager - INFO - Server Manager Application Starting
2025-09-08 09:13:16 - ServerManager - INFO - ==================================================
2025-09-08 09:13:16 - ServerManager - INFO - Ensured directory exists: Z:\Dev\etiket\runserver\config
2025-09-08 09:13:16 - ServerManager - INFO - Ensured directory exists: Z:\Dev\etiket\runserver\logs
2025-09-08 09:13:16 - ServerManager - INFO - Ensured directory exists: Z:\Dev\etiket\runserver\assets
2025-09-08 09:13:16 - ServerManager - INFO - Starting Server Manager Application
2025-09-08 09:13:16 - ServerManager - INFO - Initializing application services...
2025-09-08 09:13:16 - ServerManager - INFO - All services initialized successfully
2025-09-08 09:13:16 - ServerManager - INFO - Creating GUI...
2025-09-08 09:13:17 - ServerManager - INFO - App Event: Server Manager initialized successfully!
2025-09-08 09:13:17 - ServerManager - INFO - GUI created successfully
2025-09-08 09:13:17 - ServerManager - INFO - Starting GUI main loop
2025-09-08 09:13:54 - ServerManager - INFO - App Event: Added server: eticket
2025-09-08 09:13:57 - ServerManager - INFO - App Event: Started sso-server
2025-09-08 09:13:57 - ServerManager - INFO - App Event: Started sso-master
2025-09-08 09:13:57 - ServerManager - INFO - App Event: Started eticket
2025-09-08 09:14:10 - ServerManager - INFO - App Event: Stopped sso-server
2025-09-08 09:14:10 - ServerManager - INFO - App Event: Stopped sso-master
2025-09-08 09:14:10 - ServerManager - INFO - App Event: Stopped eticket
2025-09-08 09:14:12 - ServerManager - INFO - App Event: Log cleared
2025-09-08 09:14:36 - ServerManager - INFO - Application closing...
2025-09-08 09:14:36 - ServerManager - INFO - Configuration saved
2025-09-08 09:14:36 - ServerManager - INFO - Cleaning up application resources...
2025-09-08 09:14:36 - ServerManager - INFO - Application cleanup completed
2025-09-08 09:14:36 - ServerManager - INFO - Application exited normally
2025-09-08 09:15:12 - ServerManager - INFO - ==================================================
2025-09-08 09:15:12 - ServerManager - INFO - Server Manager Application Starting
2025-09-08 09:15:12 - ServerManager - INFO - ==================================================
2025-09-08 09:15:12 - ServerManager - INFO - Ensured directory exists: Z:\Dev\etiket\runserver\config
2025-09-08 09:15:12 - ServerManager - INFO - Ensured directory exists: Z:\Dev\etiket\runserver\logs
2025-09-08 09:15:12 - ServerManager - INFO - Ensured directory exists: Z:\Dev\etiket\runserver\assets
2025-09-08 09:15:12 - ServerManager - INFO - Starting Server Manager Application
2025-09-08 09:15:12 - ServerManager - INFO - Initializing application services...
2025-09-08 09:15:12 - ServerManager - INFO - All services initialized successfully
2025-09-08 09:15:12 - ServerManager - INFO - Creating GUI...
2025-09-08 09:15:12 - ServerManager - INFO - App Event: Server Manager initialized successfully!
2025-09-08 09:15:12 - ServerManager - INFO - GUI created successfully
2025-09-08 09:15:12 - ServerManager - INFO - Starting GUI main loop
2025-09-08 09:17:24 - ServerManager - INFO - ==================================================
2025-09-08 09:17:24 - ServerManager - INFO - Server Manager Application Starting
2025-09-08 09:17:24 - ServerManager - INFO - ==================================================
2025-09-08 09:17:24 - ServerManager - INFO - Ensured directory exists: Z:\Dev\etiket\runserver\config
2025-09-08 09:17:24 - ServerManager - INFO - Ensured directory exists: Z:\Dev\etiket\runserver\logs
2025-09-08 09:17:24 - ServerManager - INFO - Ensured directory exists: Z:\Dev\etiket\runserver\assets
2025-09-08 09:17:24 - ServerManager - INFO - Starting Server Manager Application
2025-09-08 09:17:24 - ServerManager - INFO - Initializing application services...
2025-09-08 09:17:24 - ServerManager - INFO - All services initialized successfully
2025-09-08 09:17:24 - ServerManager - INFO - Creating GUI...
2025-09-08 09:17:25 - ServerManager - INFO - App Event: Server Manager initialized successfully!
2025-09-08 09:17:25 - ServerManager - INFO - GUI created successfully
2025-09-08 09:17:25 - ServerManager - INFO - Starting GUI main loop
2025-09-08 09:17:41 - ServerManager - INFO - App Event: Started sso-server
2025-09-08 09:17:41 - ServerManager - ERROR - Error starting server sso-server: 'ServerManagerService' object has no attribute 'get_server'
2025-09-08 09:17:44 - ServerManager - INFO - App Event: Started sso-master
2025-09-08 09:17:44 - ServerManager - ERROR - Error starting server sso-master: 'ServerManagerService' object has no attribute 'get_server'
2025-09-08 09:17:45 - ServerManager - INFO - App Event: Started eticket
2025-09-08 09:17:45 - ServerManager - ERROR - Error starting server eticket: 'ServerManagerService' object has no attribute 'get_server'
2025-09-08 09:17:54 - ServerManager - INFO - App Event: Stopped sso-server
2025-09-08 09:17:54 - ServerManager - ERROR - Error stopping server sso-server: 'ServerManagerService' object has no attribute 'get_server'
2025-09-08 09:17:54 - ServerManager - INFO - App Event: Stopped sso-master
2025-09-08 09:17:54 - ServerManager - ERROR - Error stopping server sso-master: 'ServerManagerService' object has no attribute 'get_server'
2025-09-08 09:17:54 - ServerManager - INFO - App Event: Stopped eticket
2025-09-08 09:17:54 - ServerManager - ERROR - Error stopping server eticket: 'ServerManagerService' object has no attribute 'get_server'
2025-09-08 09:17:59 - ServerManager - INFO - Application closing...
2025-09-08 09:17:59 - ServerManager - INFO - Configuration saved
2025-09-08 09:17:59 - ServerManager - INFO - Cleaning up application resources...
2025-09-08 09:17:59 - ServerManager - INFO - Application cleanup completed
2025-09-08 09:17:59 - ServerManager - INFO - Application exited normally
2025-09-08 09:18:48 - ServerManager - INFO - ==================================================
2025-09-08 09:18:48 - ServerManager - INFO - Server Manager Application Starting
2025-09-08 09:18:48 - ServerManager - INFO - ==================================================
2025-09-08 09:18:48 - ServerManager - INFO - Ensured directory exists: Z:\Dev\etiket\runserver\config
2025-09-08 09:18:48 - ServerManager - INFO - Ensured directory exists: Z:\Dev\etiket\runserver\logs
2025-09-08 09:18:48 - ServerManager - INFO - Ensured directory exists: Z:\Dev\etiket\runserver\assets
2025-09-08 09:18:48 - ServerManager - INFO - Starting Server Manager Application
2025-09-08 09:18:48 - ServerManager - INFO - Initializing application services...
2025-09-08 09:18:48 - ServerManager - INFO - All services initialized successfully
2025-09-08 09:18:48 - ServerManager - INFO - Creating GUI...
2025-09-08 09:18:49 - ServerManager - INFO - App Event: Server Manager initialized successfully!
2025-09-08 09:18:49 - ServerManager - INFO - GUI created successfully
2025-09-08 09:18:49 - ServerManager - INFO - Starting GUI main loop
2025-09-08 09:18:53 - ServerManager - INFO - App Event: Started sso-server
2025-09-08 09:18:55 - ServerManager - INFO - App Event: Stopped sso-server
2025-09-08 09:18:58 - ServerManager - INFO - App Event: Started sso-server
2025-09-08 09:19:03 - ServerManager - INFO - App Event: Started sso-master
2025-09-08 09:19:12 - ServerManager - INFO - App Event: Started eticket
2025-09-08 09:19:35 - ServerManager - INFO - App Event: Stopped sso-server
2025-09-08 09:19:35 - ServerManager - INFO - App Event: Stopped sso-master
2025-09-08 09:19:35 - ServerManager - INFO - App Event: Stopped eticket
2025-09-08 09:19:46 - ServerManager - INFO - App Event: Server 'eticket' updated to 'eticket'
2025-09-08 09:20:02 - ServerManager - INFO - App Event: Server 'sso-master' updated to 'sso-master'
2025-09-08 09:20:07 - ServerManager - INFO - App Event: Started sso-server
2025-09-08 09:20:07 - ServerManager - INFO - App Event: Started eticket
2025-09-08 09:20:07 - ServerManager - INFO - App Event: Started sso-master
2025-09-08 09:20:54 - ServerManager - INFO - App Event: Stopped sso-server
2025-09-08 09:20:54 - ServerManager - INFO - App Event: Stopped eticket
2025-09-08 09:20:54 - ServerManager - INFO - App Event: Stopped sso-master
2025-09-08 09:20:58 - ServerManager - INFO - App Event: Log cleared
2025-09-08 09:21:13 - ServerManager - ERROR - Error browsing server folder eticket: Command '['explorer', 'Z:/Dev/etiket/backend']' returned non-zero exit status 1.
2025-09-08 09:21:22 - ServerManager - ERROR - Error browsing server folder sso-server: Command '['explorer', 'C:/laragon/www/sso-server']' returned non-zero exit status 1.
2025-09-08 09:23:00 - ServerManager - ERROR - Error browsing server folder sso-master: Command '['explorer', 'C:/laragon/www/sso-master']' returned non-zero exit status 1.
2025-09-08 09:23:45 - ServerManager - INFO - ==================================================
2025-09-08 09:23:45 - ServerManager - INFO - Server Manager Application Starting
2025-09-08 09:23:45 - ServerManager - INFO - ==================================================
2025-09-08 09:23:45 - ServerManager - INFO - Ensured directory exists: Z:\Dev\etiket\runserver\config
2025-09-08 09:23:45 - ServerManager - INFO - Ensured directory exists: Z:\Dev\etiket\runserver\logs
2025-09-08 09:23:45 - ServerManager - INFO - Ensured directory exists: Z:\Dev\etiket\runserver\assets
2025-09-08 09:23:45 - ServerManager - INFO - Starting Server Manager Application
2025-09-08 09:23:45 - ServerManager - INFO - Initializing application services...
2025-09-08 09:23:45 - ServerManager - INFO - All services initialized successfully
2025-09-08 09:23:45 - ServerManager - INFO - Creating GUI...
2025-09-08 09:23:46 - ServerManager - INFO - App Event: Server Manager initialized successfully!
2025-09-08 09:23:46 - ServerManager - INFO - GUI created successfully
2025-09-08 09:23:46 - ServerManager - INFO - Starting GUI main loop
2025-09-08 09:23:53 - ServerManager - INFO - Application closing...
2025-09-08 09:23:53 - ServerManager - INFO - Configuration saved
2025-09-08 09:23:53 - ServerManager - INFO - Cleaning up application resources...
2025-09-08 09:23:53 - ServerManager - INFO - Application cleanup completed
2025-09-08 09:23:53 - ServerManager - INFO - Application exited normally
2025-09-08 09:23:57 - ServerManager - INFO - ==================================================
2025-09-08 09:23:57 - ServerManager - INFO - Server Manager Application Starting
2025-09-08 09:23:57 - ServerManager - INFO - ==================================================
2025-09-08 09:23:57 - ServerManager - INFO - Ensured directory exists: Z:\Dev\etiket\runserver\config
2025-09-08 09:23:57 - ServerManager - INFO - Ensured directory exists: Z:\Dev\etiket\runserver\logs
2025-09-08 09:23:57 - ServerManager - INFO - Ensured directory exists: Z:\Dev\etiket\runserver\assets
2025-09-08 09:23:57 - ServerManager - INFO - Starting Server Manager Application
2025-09-08 09:23:57 - ServerManager - INFO - Initializing application services...
2025-09-08 09:23:57 - ServerManager - INFO - All services initialized successfully
2025-09-08 09:23:57 - ServerManager - INFO - Creating GUI...
2025-09-08 09:23:57 - ServerManager - INFO - App Event: Server Manager initialized successfully!
2025-09-08 09:23:57 - ServerManager - INFO - GUI created successfully
2025-09-08 09:23:57 - ServerManager - INFO - Starting GUI main loop
2025-09-08 09:24:05 - ServerManager - ERROR - Error browsing server folder sso-server: Command '['explorer', 'C:\\laragon\\www\\sso-server']' returned non-zero exit status 1.
2025-09-08 09:24:05 - ServerManager - INFO - App Event: Error opening folder for 'sso-server': Command '['explorer', 'C:\\laragon\\www\\sso-server']' returned non-zero exit status 1.
2025-09-08 09:24:43 - ServerManager - ERROR - Error browsing server folder eticket: Command '['explorer', 'Z:\\Dev\\etiket\\backend']' returned non-zero exit status 1.
2025-09-08 09:24:43 - ServerManager - INFO - App Event: Error opening folder for 'eticket': Command '['explorer', 'Z:\\Dev\\etiket\\backend']' returned non-zero exit status 1.
2025-09-08 09:26:18 - ServerManager - INFO - Application interrupted by user
2025-09-08 09:26:18 - ServerManager - INFO - Cleaning up application resources...
2025-09-08 09:26:18 - ServerManager - INFO - Application cleanup completed
2025-09-08 09:26:18 - ServerManager - INFO - Application exited normally
2025-09-08 09:26:20 - ServerManager - INFO - ==================================================
2025-09-08 09:26:20 - ServerManager - INFO - Server Manager Application Starting
2025-09-08 09:26:20 - ServerManager - INFO - ==================================================
2025-09-08 09:26:20 - ServerManager - INFO - Ensured directory exists: Z:\Dev\etiket\runserver\config
2025-09-08 09:26:20 - ServerManager - INFO - Ensured directory exists: Z:\Dev\etiket\runserver\logs
2025-09-08 09:26:20 - ServerManager - INFO - Ensured directory exists: Z:\Dev\etiket\runserver\assets
2025-09-08 09:26:20 - ServerManager - INFO - Starting Server Manager Application
2025-09-08 09:26:20 - ServerManager - INFO - Initializing application services...
2025-09-08 09:26:20 - ServerManager - INFO - All services initialized successfully
2025-09-08 09:26:20 - ServerManager - INFO - Creating GUI...
2025-09-08 09:26:20 - ServerManager - INFO - App Event: Server Manager initialized successfully!
2025-09-08 09:26:20 - ServerManager - INFO - GUI created successfully
2025-09-08 09:26:20 - ServerManager - INFO - Starting GUI main loop
2025-09-08 09:26:45 - ServerManager - INFO - App Event: Opened folder for 'eticket': Z:\Dev\etiket\backend
2025-09-08 09:27:45 - ServerManager - INFO - App Event: Opened folder for 'eticket': Z:\Dev\etiket\backend
2025-09-08 09:27:53 - ServerManager - INFO - Application interrupted by user
2025-09-08 09:27:53 - ServerManager - INFO - Cleaning up application resources...
2025-09-08 09:27:53 - ServerManager - INFO - Application cleanup completed
2025-09-08 09:27:53 - ServerManager - INFO - Application exited normally
2025-09-08 09:29:43 - ServerManager - INFO - ==================================================
2025-09-08 09:29:43 - ServerManager - INFO - Server Manager Application Starting
2025-09-08 09:29:43 - ServerManager - INFO - ==================================================
2025-09-08 09:29:43 - ServerManager - INFO - Ensured directory exists: Z:\Dev\etiket\runserver\config
2025-09-08 09:29:43 - ServerManager - INFO - Ensured directory exists: Z:\Dev\etiket\runserver\logs
2025-09-08 09:29:43 - ServerManager - INFO - Ensured directory exists: Z:\Dev\etiket\runserver\assets
2025-09-08 09:29:43 - ServerManager - INFO - Starting Server Manager Application
2025-09-08 09:29:51 - ServerManager - INFO - Initializing application services...
2025-09-08 09:29:51 - ServerManager - INFO - All services initialized successfully
2025-09-08 09:29:51 - ServerManager - INFO - Creating GUI...
2025-09-08 09:29:52 - ServerManager - INFO - App Event: Server Manager initialized successfully!
2025-09-08 09:29:52 - ServerManager - INFO - GUI created successfully
2025-09-08 09:29:52 - ServerManager - INFO - Starting GUI main loop
2025-09-08 09:30:01 - ServerManager - INFO - App Event: Server 'sso-server' deleted successfully
2025-09-08 09:30:08 - ServerManager - INFO - App Event: Server 'eticket' deleted successfully
2025-09-08 09:30:21 - ServerManager - INFO - ==================================================
2025-09-08 09:30:21 - ServerManager - INFO - Server Manager Application Starting
2025-09-08 09:30:21 - ServerManager - INFO - ==================================================
2025-09-08 09:30:21 - ServerManager - INFO - Ensured directory exists: Z:\Dev\etiket\runserver\config
2025-09-08 09:30:21 - ServerManager - INFO - Ensured directory exists: Z:\Dev\etiket\runserver\logs
2025-09-08 09:30:21 - ServerManager - INFO - Ensured directory exists: Z:\Dev\etiket\runserver\assets
2025-09-08 09:30:21 - ServerManager - INFO - Starting Server Manager Application
2025-09-08 09:30:29 - ServerManager - INFO - Initializing application services...
2025-09-08 09:30:29 - ServerManager - INFO - All services initialized successfully
2025-09-08 09:30:29 - ServerManager - INFO - Creating GUI...
2025-09-08 09:30:30 - ServerManager - INFO - App Event: Server Manager initialized successfully!
2025-09-08 09:30:30 - ServerManager - INFO - GUI created successfully
2025-09-08 09:30:30 - ServerManager - INFO - Starting GUI main loop
2025-09-08 09:30:40 - ServerManager - INFO - App Event: Server 'sso-master' updated to 'sso-masterrs'
2025-09-08 09:30:48 - ServerManager - INFO - App Event: Server 'sso-masterrs' deleted successfully
2025-09-08 09:31:05 - ServerManager - INFO - App Event: Theme changed to: light
2025-09-08 09:31:14 - ServerManager - INFO - ==================================================
2025-09-08 09:31:14 - ServerManager - INFO - Server Manager Application Starting
2025-09-08 09:31:14 - ServerManager - INFO - ==================================================
2025-09-08 09:31:14 - ServerManager - INFO - Ensured directory exists: Z:\Dev\etiket\runserver\config
2025-09-08 09:31:14 - ServerManager - INFO - Ensured directory exists: Z:\Dev\etiket\runserver\logs
2025-09-08 09:31:14 - ServerManager - INFO - Ensured directory exists: Z:\Dev\etiket\runserver\assets
2025-09-08 09:31:14 - ServerManager - INFO - Starting Server Manager Application
2025-09-08 09:31:14 - ServerManager - INFO - Showing splash screen...
2025-09-08 09:31:22 - ServerManager - INFO - Initializing application services...
2025-09-08 09:31:22 - ServerManager - INFO - All services initialized successfully
2025-09-08 09:31:22 - ServerManager - INFO - Creating GUI...
2025-09-08 09:31:23 - ServerManager - INFO - App Event: Server Manager initialized successfully!
2025-09-08 09:31:24 - ServerManager - INFO - GUI created successfully
2025-09-08 09:31:24 - ServerManager - INFO - Starting GUI main loop
2025-09-08 09:31:33 - ServerManager - INFO - App Event: Theme changed to: system
2025-09-08 09:31:39 - ServerManager - INFO - App Event: Theme changed to: dark
2025-09-08 09:31:43 - ServerManager - INFO - Application closing...
2025-09-08 09:31:43 - ServerManager - INFO - Configuration saved
2025-09-08 09:31:43 - ServerManager - INFO - Cleaning up application resources...
2025-09-08 09:31:43 - ServerManager - INFO - Application cleanup completed
2025-09-08 09:31:51 - ServerManager - INFO - App Event: Server 'Node.js Server' deleted successfully
2025-09-08 09:31:52 - ServerManager - ERROR - Error processing logs: main thread is not in main loop
2025-09-08 09:31:53 - ServerManager - INFO - App Event: Server 'Laravel Server' deleted successfully
2025-09-08 09:31:54 - ServerManager - ERROR - Error processing logs: main thread is not in main loop
2025-09-08 09:31:56 - ServerManager - INFO - App Event: Server 'Python Server' deleted successfully
2025-09-08 09:31:57 - ServerManager - ERROR - Error processing logs: main thread is not in main loop
2025-09-08 09:31:57 - ServerManager - INFO - Application closing...
2025-09-08 09:31:57 - ServerManager - INFO - Configuration saved
2025-09-08 09:31:57 - ServerManager - INFO - Application exited normally
2025-09-08 09:32:08 - ServerManager - INFO - ==================================================
2025-09-08 09:32:08 - ServerManager - INFO - Server Manager Application Starting
2025-09-08 09:32:08 - ServerManager - INFO - ==================================================
2025-09-08 09:32:08 - ServerManager - INFO - Ensured directory exists: Z:\Dev\etiket\runserver\config
2025-09-08 09:32:08 - ServerManager - INFO - Ensured directory exists: Z:\Dev\etiket\runserver\logs
2025-09-08 09:32:08 - ServerManager - INFO - Ensured directory exists: Z:\Dev\etiket\runserver\assets
2025-09-08 09:32:08 - ServerManager - INFO - Starting Server Manager Application
2025-09-08 09:32:16 - ServerManager - INFO - Initializing application services...
2025-09-08 09:32:16 - ServerManager - INFO - All services initialized successfully
2025-09-08 09:32:16 - ServerManager - INFO - Creating GUI...
2025-09-08 09:32:17 - ServerManager - INFO - App Event: Server Manager initialized successfully!
2025-09-08 09:32:17 - ServerManager - INFO - GUI created successfully
2025-09-08 09:32:17 - ServerManager - INFO - Starting GUI main loop
2025-09-08 09:32:25 - ServerManager - INFO - App Event: Theme changed to: light
2025-09-08 09:32:29 - ServerManager - INFO - App Event: Theme changed to: system
2025-09-08 09:32:31 - ServerManager - INFO - App Event: Theme changed to: light
2025-09-08 09:32:48 - ServerManager - INFO - App Event: Server 'Python Server' deleted successfully
2025-09-08 09:32:50 - ServerManager - INFO - App Event: Server 'Node.js Server' deleted successfully
2025-09-08 09:32:53 - ServerManager - INFO - App Event: Server 'Laravel Server' deleted successfully
2025-09-08 09:32:54 - ServerManager - INFO - Application closing...
2025-09-08 09:32:54 - ServerManager - INFO - Configuration saved
2025-09-08 09:32:54 - ServerManager - INFO - Cleaning up application resources...
2025-09-08 09:32:54 - ServerManager - INFO - Application cleanup completed
2025-09-08 09:32:57 - ServerManager - INFO - Application closing...
2025-09-08 09:32:57 - ServerManager - INFO - Configuration saved
2025-09-08 09:32:57 - ServerManager - INFO - Application exited normally
2025-09-08 09:33:00 - ServerManager - INFO - ==================================================
2025-09-08 09:33:00 - ServerManager - INFO - Server Manager Application Starting
2025-09-08 09:33:00 - ServerManager - INFO - ==================================================
2025-09-08 09:33:00 - ServerManager - INFO - Ensured directory exists: Z:\Dev\etiket\runserver\config
2025-09-08 09:33:00 - ServerManager - INFO - Ensured directory exists: Z:\Dev\etiket\runserver\logs
2025-09-08 09:33:00 - ServerManager - INFO - Ensured directory exists: Z:\Dev\etiket\runserver\assets
2025-09-08 09:33:00 - ServerManager - INFO - Starting Server Manager Application
2025-09-08 09:33:09 - ServerManager - INFO - Initializing application services...
2025-09-08 09:33:09 - ServerManager - INFO - All services initialized successfully
2025-09-08 09:33:09 - ServerManager - INFO - Creating GUI...
2025-09-08 09:33:10 - ServerManager - INFO - App Event: Server Manager initialized successfully!
2025-09-08 09:33:10 - ServerManager - INFO - GUI created successfully
2025-09-08 09:33:10 - ServerManager - INFO - Starting GUI main loop
2025-09-08 09:33:13 - ServerManager - INFO - App Event: Theme changed to: system
2025-09-08 09:33:19 - ServerManager - INFO - Application closing...
2025-09-08 09:33:19 - ServerManager - INFO - Configuration saved
2025-09-08 09:33:19 - ServerManager - INFO - Cleaning up application resources...
2025-09-08 09:33:19 - ServerManager - INFO - Application cleanup completed
2025-09-08 09:33:21 - ServerManager - INFO - Application closing...
2025-09-08 09:33:21 - ServerManager - INFO - Configuration saved
2025-09-08 09:33:21 - ServerManager - INFO - Application exited normally
2025-09-08 09:34:56 - ServerManager - INFO - ==================================================
2025-09-08 09:34:56 - ServerManager - INFO - Server Manager Application Starting
2025-09-08 09:34:56 - ServerManager - INFO - ==================================================
2025-09-08 09:34:56 - ServerManager - INFO - Ensured directory exists: Z:\Dev\etiket\runserver\config
2025-09-08 09:34:56 - ServerManager - INFO - Ensured directory exists: Z:\Dev\etiket\runserver\logs
2025-09-08 09:34:56 - ServerManager - INFO - Ensured directory exists: Z:\Dev\etiket\runserver\assets
2025-09-08 09:34:56 - ServerManager - INFO - Starting Server Manager Application
2025-09-08 09:35:04 - ServerManager - INFO - Initializing application services...
2025-09-08 09:35:04 - ServerManager - INFO - All services initialized successfully
2025-09-08 09:35:04 - ServerManager - INFO - Creating GUI...
2025-09-08 09:35:05 - ServerManager - INFO - App Event: Server Manager initialized successfully!
2025-09-08 09:35:05 - ServerManager - INFO - GUI created successfully
2025-09-08 09:35:05 - ServerManager - INFO - Starting GUI main loop
2025-09-08 09:35:19 - ServerManager - INFO - App Event: Path not found for 'Node.js Server': C:\nodejs-project
2025-09-08 09:35:19 - ServerManager - INFO - App Event: Created directory: C:\nodejs-project
2025-09-08 09:35:19 - ServerManager - INFO - App Event: Opened newly created folder for 'Node.js Server'
2025-09-08 09:35:27 - ServerManager - INFO - App Event: Theme changed to: dark
2025-09-08 09:35:31 - ServerManager - INFO - App Event: Theme changed to: light
2025-09-08 09:35:35 - ServerManager - INFO - App Event: Theme changed to: dark
2025-09-08 09:35:36 - ServerManager - INFO - App Event: Theme changed to: system
2025-09-08 09:35:38 - ServerManager - INFO - App Event: Theme changed to: light
2025-09-08 09:35:43 - ServerManager - INFO - App Event: Log cleared
2025-09-08 09:35:54 - ServerManager - INFO - App Event: Failed to stop Laravel Server
2025-09-08 09:35:54 - ServerManager - INFO - App Event: Failed to stop Node.js Server
2025-09-08 09:35:54 - ServerManager - INFO - App Event: Failed to stop Python Server
2025-09-08 09:36:08 - ServerManager - INFO - App Event: Theme changed to: system
2025-09-08 09:36:11 - ServerManager - INFO - Application closing...
2025-09-08 09:36:11 - ServerManager - INFO - Configuration saved
2025-09-08 09:36:11 - ServerManager - INFO - Cleaning up application resources...
2025-09-08 09:36:11 - ServerManager - INFO - Application cleanup completed
2025-09-08 09:36:13 - ServerManager - INFO - Application closing...
2025-09-08 09:36:13 - ServerManager - INFO - Configuration saved
2025-09-08 09:36:13 - ServerManager - INFO - Application exited normally
2025-09-08 09:36:55 - ServerManager - INFO - ==================================================
2025-09-08 09:36:55 - ServerManager - INFO - Server Manager Application Starting
2025-09-08 09:36:55 - ServerManager - INFO - ==================================================
2025-09-08 09:36:55 - ServerManager - INFO - Ensured directory exists: Z:\Dev\etiket\runserver\config
2025-09-08 09:36:55 - ServerManager - INFO - Ensured directory exists: Z:\Dev\etiket\runserver\logs
2025-09-08 09:36:55 - ServerManager - INFO - Ensured directory exists: Z:\Dev\etiket\runserver\assets
2025-09-08 09:36:55 - ServerManager - INFO - Starting Server Manager Application
2025-09-08 09:37:04 - ServerManager - INFO - Initializing application services...
2025-09-08 09:37:04 - ServerManager - INFO - All services initialized successfully
2025-09-08 09:37:04 - ServerManager - INFO - Creating GUI...
2025-09-08 09:37:05 - ServerManager - INFO - App Event: Server Manager initialized successfully!
2025-09-08 09:37:06 - ServerManager - INFO - GUI created successfully
2025-09-08 09:37:06 - ServerManager - INFO - Starting GUI main loop
2025-09-08 09:37:12 - ServerManager - INFO - App Event: Theme changed to: light
2025-09-08 09:37:29 - ServerManager - INFO - App Event: Theme changed to: dark
2025-09-08 09:37:31 - ServerManager - INFO - App Event: Theme changed to: system
2025-09-08 09:37:37 - ServerManager - INFO - App Event: Theme changed to: light
2025-09-08 09:43:31 - ServerManager - INFO - ==================================================
2025-09-08 09:43:31 - ServerManager - INFO - Server Manager Application Starting
2025-09-08 09:43:31 - ServerManager - INFO - ==================================================
2025-09-08 09:43:31 - ServerManager - INFO - Ensured directory exists: Z:\Dev\etiket\runserver\config
2025-09-08 09:43:31 - ServerManager - INFO - Ensured directory exists: Z:\Dev\etiket\runserver\logs
2025-09-08 09:43:31 - ServerManager - INFO - Ensured directory exists: Z:\Dev\etiket\runserver\assets
2025-09-08 09:43:31 - ServerManager - INFO - Starting Server Manager Application
2025-09-08 09:43:39 - ServerManager - INFO - Initializing application services...
2025-09-08 09:43:39 - ServerManager - INFO - All services initialized successfully
2025-09-08 09:43:39 - ServerManager - INFO - Creating GUI...
2025-09-08 09:43:40 - ServerManager - INFO - App Event: Server Manager initialized successfully!
2025-09-08 09:43:40 - ServerManager - INFO - GUI created successfully
2025-09-08 09:43:40 - ServerManager - INFO - Starting GUI main loop
2025-09-08 09:46:01 - ServerManager - INFO - ==================================================
2025-09-08 09:46:01 - ServerManager - INFO - Server Manager Application Starting
2025-09-08 09:46:01 - ServerManager - INFO - ==================================================
2025-09-08 09:46:01 - ServerManager - INFO - Ensured directory exists: Z:\Dev\etiket\runserver\config
2025-09-08 09:46:01 - ServerManager - INFO - Ensured directory exists: Z:\Dev\etiket\runserver\logs
2025-09-08 09:46:01 - ServerManager - INFO - Ensured directory exists: Z:\Dev\etiket\runserver\assets
2025-09-08 09:46:01 - ServerManager - INFO - Starting Server Manager Application
2025-09-08 09:46:10 - ServerManager - INFO - Initializing application services...
2025-09-08 09:46:10 - ServerManager - INFO - All services initialized successfully
2025-09-08 09:46:10 - ServerManager - INFO - Creating GUI...
2025-09-08 09:46:11 - ServerManager - INFO - App Event: Server Manager initialized successfully!
2025-09-08 09:46:11 - ServerManager - INFO - GUI created successfully
2025-09-08 09:46:11 - ServerManager - INFO - Starting GUI main loop
2025-09-08 09:46:30 - ServerManager - INFO - App Event: Opened folder for 'Node.js Server': C:\nodejs-project
2025-09-08 09:49:38 - ServerManager - INFO - ==================================================
2025-09-08 09:49:38 - ServerManager - INFO - Server Manager Application Starting
2025-09-08 09:49:38 - ServerManager - INFO - ==================================================
2025-09-08 09:49:38 - ServerManager - INFO - Ensured directory exists: Z:\Dev\etiket\runserver\config
2025-09-08 09:49:38 - ServerManager - INFO - Ensured directory exists: Z:\Dev\etiket\runserver\logs
2025-09-08 09:49:38 - ServerManager - INFO - Ensured directory exists: Z:\Dev\etiket\runserver\assets
2025-09-08 09:49:38 - ServerManager - INFO - Starting Server Manager Application
2025-09-08 09:49:47 - ServerManager - INFO - Initializing application services...
2025-09-08 09:49:47 - ServerManager - INFO - All services initialized successfully
2025-09-08 09:49:47 - ServerManager - INFO - Creating GUI...
2025-09-08 09:49:48 - ServerManager - INFO - App Event: Server Manager initialized successfully!
2025-09-08 09:49:48 - ServerManager - INFO - GUI created successfully
2025-09-08 09:49:48 - ServerManager - INFO - Starting GUI main loop
2025-09-08 09:50:58 - ServerManager - INFO - Application closing...
2025-09-08 09:50:58 - ServerManager - INFO - Configuration saved
2025-09-08 09:50:58 - ServerManager - INFO - Cleaning up application resources...
2025-09-08 09:50:58 - ServerManager - INFO - Application cleanup completed
2025-09-08 09:51:00 - ServerManager - INFO - Application closing...
2025-09-08 09:51:00 - ServerManager - INFO - Configuration saved
2025-09-08 09:51:00 - ServerManager - INFO - Application exited normally
2025-09-08 09:51:06 - ServerManager - INFO - ==================================================
2025-09-08 09:51:06 - ServerManager - INFO - Server Manager Application Starting
2025-09-08 09:51:06 - ServerManager - INFO - ==================================================
2025-09-08 09:51:06 - ServerManager - INFO - Ensured directory exists: Z:\Dev\etiket\runserver\config
2025-09-08 09:51:06 - ServerManager - INFO - Ensured directory exists: Z:\Dev\etiket\runserver\logs
2025-09-08 09:51:06 - ServerManager - INFO - Ensured directory exists: Z:\Dev\etiket\runserver\assets
2025-09-08 09:51:06 - ServerManager - INFO - Starting Server Manager Application
2025-09-08 09:51:14 - ServerManager - INFO - Initializing application services...
2025-09-08 09:51:14 - ServerManager - INFO - All services initialized successfully
2025-09-08 09:51:14 - ServerManager - INFO - Creating GUI...
2025-09-08 09:51:15 - ServerManager - INFO - App Event: Server Manager initialized successfully!
2025-09-08 09:51:15 - ServerManager - INFO - GUI created successfully
2025-09-08 09:51:15 - ServerManager - INFO - Starting GUI main loop
2025-09-08 09:53:13 - ServerManager - INFO - Cleaning up application resources...
2025-09-08 09:53:13 - ServerManager - INFO - Application cleanup completed
2025-09-08 09:53:15 - ServerManager - INFO - Application closing...
2025-09-08 09:53:15 - ServerManager - INFO - Configuration saved
2025-09-08 09:53:15 - ServerManager - INFO - Application exited normally
2025-09-08 09:53:16 - ServerManager - INFO - ==================================================
2025-09-08 09:53:16 - ServerManager - INFO - Server Manager Application Starting
2025-09-08 09:53:16 - ServerManager - INFO - ==================================================
2025-09-08 09:53:16 - ServerManager - INFO - Ensured directory exists: Z:\Dev\etiket\runserver\config
2025-09-08 09:53:16 - ServerManager - INFO - Ensured directory exists: Z:\Dev\etiket\runserver\logs
2025-09-08 09:53:16 - ServerManager - INFO - Ensured directory exists: Z:\Dev\etiket\runserver\assets
2025-09-08 09:53:16 - ServerManager - INFO - Starting Server Manager Application
2025-09-08 09:53:25 - ServerManager - INFO - Initializing application services...
2025-09-08 09:53:25 - ServerManager - INFO - All services initialized successfully
2025-09-08 09:53:25 - ServerManager - INFO - Creating GUI...
2025-09-08 09:53:26 - ServerManager - INFO - App Event: Server Manager initialized successfully!
2025-09-08 09:53:26 - ServerManager - INFO - GUI created successfully
2025-09-08 09:53:26 - ServerManager - INFO - Starting GUI main loop
2025-09-08 09:54:27 - ServerManager - INFO - App Event: Theme changed to: system
2025-09-08 09:54:44 - ServerManager - INFO - Application closing...
2025-09-08 09:54:44 - ServerManager - INFO - Configuration saved
2025-09-08 09:54:44 - ServerManager - INFO - Cleaning up application resources...
2025-09-08 09:54:44 - ServerManager - INFO - Application cleanup completed
2025-09-08 09:54:45 - ServerManager - INFO - Application closing...
2025-09-08 09:54:45 - ServerManager - INFO - Configuration saved
2025-09-08 09:54:45 - ServerManager - INFO - Application exited normally
2025-09-08 09:56:21 - ServerManager - INFO - ==================================================
2025-09-08 09:56:21 - ServerManager - INFO - Server Manager Application Starting
2025-09-08 09:56:21 - ServerManager - INFO - ==================================================
2025-09-08 09:56:21 - ServerManager - INFO - Ensured directory exists: Z:\Dev\etiket\runserver\config
2025-09-08 09:56:21 - ServerManager - INFO - Ensured directory exists: Z:\Dev\etiket\runserver\logs
2025-09-08 09:56:21 - ServerManager - INFO - Ensured directory exists: Z:\Dev\etiket\runserver\assets
2025-09-08 09:56:21 - ServerManager - INFO - Starting Server Manager Application
2025-09-08 09:56:30 - ServerManager - INFO - Initializing application services...
2025-09-08 09:56:30 - ServerManager - INFO - All services initialized successfully
2025-09-08 09:56:30 - ServerManager - INFO - Creating GUI...
2025-09-08 09:56:31 - ServerManager - INFO - App Event: Server Manager initialized successfully!
2025-09-08 09:56:31 - ServerManager - INFO - System tray initialized
2025-09-08 09:56:31 - ServerManager - INFO - GUI created successfully
2025-09-08 09:56:31 - ServerManager - INFO - Starting GUI main loop
2025-09-08 09:56:37 - ServerManager - INFO - App Event: Application minimized to system tray
2025-09-08 09:56:47 - ServerManager - INFO - App Event: Window restored from system tray
2025-09-08 09:56:49 - ServerManager - INFO - App Event: Application minimized to system tray
2025-09-08 09:57:33 - ServerManager - INFO - Cleaning up application resources...
2025-09-08 09:57:33 - ServerManager - INFO - Application cleanup completed
2025-09-08 09:57:34 - ServerManager - ERROR - Error showing window: main thread is not in main loop
2025-09-08 09:57:46 - ServerManager - ERROR - Error quitting application: main thread is not in main loop
2025-09-08 09:58:21 - ServerManager - INFO - ==================================================
2025-09-08 09:58:21 - ServerManager - INFO - Server Manager Application Starting
2025-09-08 09:58:21 - ServerManager - INFO - ==================================================
2025-09-08 09:58:21 - ServerManager - INFO - Ensured directory exists: Z:\Dev\etiket\runserver\config
2025-09-08 09:58:21 - ServerManager - INFO - Ensured directory exists: Z:\Dev\etiket\runserver\logs
2025-09-08 09:58:21 - ServerManager - INFO - Ensured directory exists: Z:\Dev\etiket\runserver\assets
2025-09-08 09:58:21 - ServerManager - INFO - Starting Server Manager Application
2025-09-08 09:58:29 - ServerManager - INFO - Initializing application services...
2025-09-08 09:58:29 - ServerManager - INFO - All services initialized successfully
2025-09-08 09:58:29 - ServerManager - INFO - Creating GUI...
2025-09-08 09:58:30 - ServerManager - INFO - App Event: Server Manager initialized successfully!
2025-09-08 09:58:30 - ServerManager - INFO - System tray initialized
2025-09-08 09:58:30 - ServerManager - INFO - GUI created successfully
2025-09-08 09:58:30 - ServerManager - INFO - Starting GUI main loop
2025-09-08 09:58:50 - ServerManager - INFO - App Event: Application minimized to system tray
2025-09-08 09:58:56 - ServerManager - INFO - App Event: Window restored from system tray
2025-09-08 09:58:58 - ServerManager - INFO - App Event: Application minimized to system tray
2025-09-08 10:00:16 - ServerManager - INFO - App Event: Window restored from system tray
2025-09-08 10:00:22 - ServerManager - INFO - App Event: Application minimized to system tray
2025-09-08 10:01:02 - ServerManager - INFO - ==================================================
2025-09-08 10:01:02 - ServerManager - INFO - Server Manager Application Starting
2025-09-08 10:01:02 - ServerManager - INFO - ==================================================
2025-09-08 10:01:02 - ServerManager - INFO - Ensured directory exists: Z:\Dev\etiket\runserver\config
2025-09-08 10:01:02 - ServerManager - INFO - Ensured directory exists: Z:\Dev\etiket\runserver\logs
2025-09-08 10:01:02 - ServerManager - INFO - Ensured directory exists: Z:\Dev\etiket\runserver\assets
2025-09-08 10:01:02 - ServerManager - INFO - Starting Server Manager Application
2025-09-08 10:01:11 - ServerManager - INFO - Initializing application services...
2025-09-08 10:01:11 - ServerManager - INFO - All services initialized successfully
2025-09-08 10:01:11 - ServerManager - INFO - Creating GUI...
2025-09-08 10:01:12 - ServerManager - INFO - App Event: Server Manager initialized successfully!
2025-09-08 10:01:12 - ServerManager - INFO - System tray initialized
2025-09-08 10:01:12 - ServerManager - INFO - GUI created successfully
2025-09-08 10:01:12 - ServerManager - INFO - Starting GUI main loop
2025-09-08 10:01:16 - ServerManager - INFO - App Event: Application minimized to system tray
2025-09-08 10:02:23 - ServerManager - INFO - Cleaning up application resources...
2025-09-08 10:02:23 - ServerManager - INFO - Application cleanup completed
2025-09-08 10:02:24 - ServerManager - ERROR - Error quitting application: main thread is not in main loop
2025-09-08 10:02:46 - ServerManager - INFO - ==================================================
2025-09-08 10:02:46 - ServerManager - INFO - Server Manager Application Starting
2025-09-08 10:02:46 - ServerManager - INFO - ==================================================
2025-09-08 10:02:46 - ServerManager - INFO - Ensured directory exists: Z:\Dev\etiket\runserver\config
2025-09-08 10:02:46 - ServerManager - INFO - Ensured directory exists: Z:\Dev\etiket\runserver\logs
2025-09-08 10:02:46 - ServerManager - INFO - Ensured directory exists: Z:\Dev\etiket\runserver\assets
2025-09-08 10:02:46 - ServerManager - INFO - Starting Server Manager Application
2025-09-08 10:02:55 - ServerManager - INFO - Initializing application services...
2025-09-08 10:02:55 - ServerManager - INFO - All services initialized successfully
2025-09-08 10:02:55 - ServerManager - INFO - Creating GUI...
2025-09-08 10:02:56 - ServerManager - INFO - App Event: Server Manager initialized successfully!
2025-09-08 10:02:56 - ServerManager - INFO - System tray initialized
2025-09-08 10:02:56 - ServerManager - INFO - GUI created successfully
2025-09-08 10:02:56 - ServerManager - INFO - Starting GUI main loop
2025-09-08 10:03:11 - ServerManager - INFO - App Event: Application minimized to system tray
2025-09-08 10:03:27 - ServerManager - INFO - App Event: Window restored from system tray
2025-09-08 10:04:42 - ServerManager - INFO - App Event: Added server: sso-server
2025-09-08 10:05:57 - ServerManager - INFO - App Event: Added server: sso master
2025-09-08 10:06:26 - ServerManager - INFO - App Event: Added server: Eticket
2025-09-08 10:06:30 - ServerManager - INFO - App Event: Started sso-server
2025-09-08 10:06:30 - ServerManager - INFO - App Event: Started sso master
2025-09-08 10:06:30 - ServerManager - INFO - App Event: Started Eticket
2025-09-08 10:06:34 - ServerManager - INFO - App Event: Application minimized to system tray
2025-09-08 10:06:53 - ServerManager - INFO - App Event: Window restored from system tray
2025-09-08 10:07:02 - ServerManager - INFO - App Event: Stopped sso master
2025-09-08 10:07:13 - ServerManager - INFO - App Event: Server 'sso master' updated to 'sso master'
2025-09-08 10:07:46 - ServerManager - INFO - App Event: Stopped sso-server
2025-09-08 10:07:46 - ServerManager - INFO - App Event: Stopped Eticket
2025-09-08 10:07:46 - ServerManager - INFO - App Event: Failed to stop sso master
2025-09-08 10:07:58 - ServerManager - INFO - App Event: Started sso-server
2025-09-08 10:07:58 - ServerManager - INFO - App Event: Started Eticket
2025-09-08 10:07:58 - ServerManager - INFO - App Event: Started sso master
2025-09-08 10:08:01 - ServerManager - INFO - App Event: Application minimized to system tray
2025-09-08 10:08:16 - ServerManager - INFO - App Event: Window restored from system tray
2025-09-08 10:08:17 - ServerManager - INFO - App Event: Stopped sso-server
2025-09-08 10:08:17 - ServerManager - INFO - App Event: Stopped Eticket
2025-09-08 10:08:17 - ServerManager - INFO - App Event: Stopped sso master
2025-09-08 10:08:23 - ServerManager - INFO - App Event: Server 'sso-server' deleted successfully
2025-09-08 10:08:26 - ServerManager - INFO - App Event: Server 'Eticket' deleted successfully
2025-09-08 10:08:28 - ServerManager - INFO - App Event: Server 'sso master' deleted successfully
2025-09-08 10:09:09 - ServerManager - INFO - App Event: Added server: sso-server
2025-09-08 10:09:47 - ServerManager - INFO - App Event: Added server: sso-master
2025-09-08 10:10:13 - ServerManager - INFO - App Event: Added server: eticket
2025-09-08 10:10:16 - ServerManager - INFO - App Event: Log cleared
2025-09-08 10:10:18 - ServerManager - INFO - App Event: Started sso-server
2025-09-08 10:10:18 - ServerManager - INFO - App Event: Started sso-master
2025-09-08 10:10:18 - ServerManager - INFO - App Event: Started eticket
2025-09-08 10:10:30 - ServerManager - INFO - App Event: Stopped sso-server
2025-09-08 10:10:30 - ServerManager - INFO - App Event: Stopped sso-master
2025-09-08 10:10:30 - ServerManager - INFO - App Event: Stopped eticket
2025-09-08 10:10:44 - ServerManager - INFO - App Event: Server 'sso-master' updated to 'sso-master'
2025-09-08 10:11:02 - ServerManager - INFO - App Event: Server 'eticket' updated to 'eticket'
2025-09-08 10:11:04 - ServerManager - INFO - App Event: Started sso-server
2025-09-08 10:11:04 - ServerManager - INFO - App Event: Started sso-master
2025-09-08 10:11:04 - ServerManager - INFO - App Event: Started eticket
2025-09-08 10:11:09 - ServerManager - INFO - App Event: Application minimized to system tray
2025-09-08 10:12:01 - ServerManager - INFO - App Event: Window restored from system tray
2025-09-08 10:17:02 - ServerManager - INFO - ==================================================
2025-09-08 10:17:02 - ServerManager - INFO - Server Manager Application Starting
2025-09-08 10:17:02 - ServerManager - INFO - ==================================================
2025-09-08 10:17:02 - ServerManager - INFO - Ensured directory exists: Z:\Dev\etiket\runserver\config
2025-09-08 10:17:02 - ServerManager - INFO - Ensured directory exists: Z:\Dev\etiket\runserver\logs
2025-09-08 10:17:02 - ServerManager - INFO - Ensured directory exists: Z:\Dev\etiket\runserver\assets
2025-09-08 10:17:02 - ServerManager - INFO - Starting Server Manager Application
2025-09-08 10:17:10 - ServerManager - INFO - Initializing application services...
2025-09-08 10:17:10 - ServerManager - INFO - All services initialized successfully
2025-09-08 10:17:10 - ServerManager - INFO - Creating GUI...
2025-09-08 10:17:11 - ServerManager - INFO - App Event: Server Manager initialized successfully!
2025-09-08 10:17:11 - ServerManager - INFO - System tray initialized
2025-09-08 10:17:11 - ServerManager - INFO - GUI created successfully
2025-09-08 10:17:11 - ServerManager - INFO - Starting GUI main loop
2025-09-08 10:18:57 - ServerManager - INFO - App Event: Application minimized to system tray
2025-09-08 10:19:17 - ServerManager - INFO - App Event: Window restored from system tray
2025-09-08 10:19:21 - ServerManager - INFO - App Event: Log cleared
2025-09-08 10:19:29 - ServerManager - INFO - App Event: Server 'sso-server' deleted successfully
2025-09-08 10:19:32 - ServerManager - INFO - App Event: Server 'sso-master' deleted successfully
2025-09-08 10:19:34 - ServerManager - INFO - App Event: Server 'eticket' deleted successfully
2025-09-08 10:25:58 - ServerManager - INFO - Application closing...
2025-09-08 10:25:58 - ServerManager - INFO - Configuration saved
2025-09-08 10:25:58 - ServerManager - INFO - Cleaning up application resources...
2025-09-08 10:25:58 - ServerManager - INFO - Application cleanup completed
2025-09-08 10:26:03 - ServerManager - INFO - Application closing...
2025-09-08 10:26:03 - ServerManager - INFO - Configuration saved
2025-09-08 10:26:03 - ServerManager - INFO - Application exited normally
2025-09-08 10:26:11 - ServerManager - INFO - ==================================================
2025-09-08 10:26:11 - ServerManager - INFO - Server Manager Application Starting
2025-09-08 10:26:11 - ServerManager - INFO - ==================================================
2025-09-08 10:26:11 - ServerManager - INFO - Ensured directory exists: Z:\Dev\etiket\runserver\config
2025-09-08 10:26:11 - ServerManager - INFO - Ensured directory exists: Z:\Dev\etiket\runserver\logs
2025-09-08 10:26:11 - ServerManager - INFO - Ensured directory exists: Z:\Dev\etiket\runserver\assets
2025-09-08 10:26:11 - ServerManager - INFO - Starting Server Manager Application
2025-09-08 10:26:20 - ServerManager - INFO - Initializing application services...
2025-09-08 10:26:20 - ServerManager - INFO - All services initialized successfully
2025-09-08 10:26:20 - ServerManager - INFO - Creating GUI...
2025-09-08 10:26:21 - ServerManager - INFO - App Event: Server Manager initialized successfully!
2025-09-08 10:26:21 - ServerManager - INFO - System tray initialized
2025-09-08 10:26:21 - ServerManager - INFO - GUI created successfully
2025-09-08 10:26:21 - ServerManager - INFO - Starting GUI main loop
2025-09-08 10:27:28 - ServerManager - INFO - App Event: Added server: sso-server
2025-09-08 10:28:26 - ServerManager - INFO - App Event: Added server: sso-master
2025-09-08 10:28:56 - ServerManager - INFO - App Event: Added server: eticket
2025-09-08 10:29:00 - ServerManager - INFO - App Event: Log cleared
2025-09-08 10:29:01 - ServerManager - INFO - App Event: Started sso-server
2025-09-08 10:29:01 - ServerManager - INFO - App Event: Started sso-master
2025-09-08 10:29:01 - ServerManager - INFO - App Event: Started eticket
2025-09-08 10:29:36 - ServerManager - INFO - App Event: Stopped sso-server
2025-09-08 10:29:36 - ServerManager - INFO - App Event: Stopped sso-master
2025-09-08 10:29:36 - ServerManager - INFO - App Event: Stopped eticket
2025-09-08 10:29:44 - ServerManager - INFO - App Event: Started eticket
2025-09-08 10:29:47 - ServerManager - INFO - App Event: Started sso-server
2025-09-08 10:29:48 - ServerManager - INFO - App Event: Started sso-master
2025-09-08 10:29:50 - ServerManager - INFO - App Event: Application minimized to system tray
2025-09-08 10:30:03 - ServerManager - INFO - Cleaning up application resources...
2025-09-08 10:30:03 - ServerManager - INFO - Application cleanup completed
2025-09-08 10:30:05 - ServerManager - INFO - Application interrupted by user
2025-09-08 10:30:05 - ServerManager - INFO - Application exited normally
2025-09-08 10:30:44 - ServerManager - INFO - ==================================================
2025-09-08 10:30:44 - ServerManager - INFO - Server Manager Application Starting
2025-09-08 10:30:44 - ServerManager - INFO - ==================================================
2025-09-08 10:30:44 - ServerManager - INFO - Ensured directory exists: Z:\Dev\etiket\runserver\config
2025-09-08 10:30:44 - ServerManager - INFO - Ensured directory exists: Z:\Dev\etiket\runserver\logs
2025-09-08 10:30:44 - ServerManager - INFO - Ensured directory exists: Z:\Dev\etiket\runserver\assets
2025-09-08 10:30:44 - ServerManager - INFO - Starting Server Manager Application
2025-09-08 10:30:53 - ServerManager - INFO - Initializing application services...
2025-09-08 10:30:53 - ServerManager - INFO - All services initialized successfully
2025-09-08 10:30:53 - ServerManager - INFO - Creating GUI...
2025-09-08 10:30:54 - ServerManager - INFO - App Event: Server Manager initialized successfully!
2025-09-08 10:30:54 - ServerManager - INFO - System tray initialized
2025-09-08 10:30:54 - ServerManager - INFO - GUI created successfully
2025-09-08 10:30:54 - ServerManager - INFO - Starting GUI main loop
2025-09-08 10:31:58 - ServerManager - INFO - ==================================================
2025-09-08 10:31:58 - ServerManager - INFO - Server Manager Application Starting
2025-09-08 10:31:58 - ServerManager - INFO - ==================================================
2025-09-08 10:31:58 - ServerManager - INFO - Ensured directory exists: Z:\Dev\etiket\runserver\config
2025-09-08 10:31:58 - ServerManager - INFO - Ensured directory exists: Z:\Dev\etiket\runserver\logs
2025-09-08 10:31:58 - ServerManager - INFO - Ensured directory exists: Z:\Dev\etiket\runserver\assets
2025-09-08 10:31:58 - ServerManager - INFO - Starting Server Manager Application
2025-09-08 10:32:07 - ServerManager - INFO - Initializing application services...
2025-09-08 10:32:07 - ServerManager - INFO - All services initialized successfully
2025-09-08 10:32:07 - ServerManager - INFO - Creating GUI...
2025-09-08 10:32:07 - ServerManager - INFO - App Event: Server Manager initialized successfully!
2025-09-08 10:32:07 - ServerManager - INFO - System tray initialized
2025-09-08 10:32:08 - ServerManager - INFO - GUI created successfully
2025-09-08 10:32:08 - ServerManager - INFO - Starting GUI main loop
2025-09-08 10:32:13 - ServerManager - INFO - App Event: Started sso-server
2025-09-08 10:32:13 - ServerManager - INFO - App Event: Started sso-master
2025-09-08 10:32:13 - ServerManager - INFO - App Event: Started eticket
2025-09-08 10:34:19 - ServerManager - INFO - ==================================================
2025-09-08 10:34:19 - ServerManager - INFO - Server Manager Application Starting
2025-09-08 10:34:19 - ServerManager - INFO - ==================================================
2025-09-08 10:34:19 - ServerManager - INFO - Ensured directory exists: Z:\Dev\etiket\runserver\config
2025-09-08 10:34:19 - ServerManager - INFO - Ensured directory exists: Z:\Dev\etiket\runserver\logs
2025-09-08 10:34:19 - ServerManager - INFO - Ensured directory exists: Z:\Dev\etiket\runserver\assets
2025-09-08 10:34:19 - ServerManager - INFO - Starting Server Manager Application
2025-09-08 10:34:28 - ServerManager - INFO - Initializing application services...
2025-09-08 10:34:28 - ServerManager - INFO - All services initialized successfully
2025-09-08 10:34:28 - ServerManager - INFO - Creating GUI...
2025-09-08 10:34:29 - ServerManager - INFO - App Event: Server Manager initialized successfully!
2025-09-08 10:34:29 - ServerManager - INFO - System tray initialized
2025-09-08 10:34:29 - ServerManager - INFO - GUI created successfully
2025-09-08 10:34:29 - ServerManager - INFO - Starting GUI main loop
2025-09-08 10:35:25 - ServerManager - INFO - App Event: Application minimized to system tray
2025-09-08 10:37:09 - ServerManager - INFO - App Event: Window restored from system tray
2025-09-08 10:37:10 - ServerManager - INFO - Application closing...
2025-09-08 10:37:10 - ServerManager - INFO - Configuration saved
2025-09-08 10:37:10 - ServerManager - INFO - Cleaning up application resources...
2025-09-08 10:37:10 - ServerManager - INFO - Application cleanup completed
2025-09-08 10:37:14 - ServerManager - INFO - App Event: Failed to stop sso-server
2025-09-08 10:37:14 - ServerManager - INFO - App Event: Failed to stop sso-master
2025-09-08 10:37:14 - ServerManager - INFO - App Event: Failed to stop eticket
2025-09-08 10:37:15 - ServerManager - ERROR - Error processing logs: main thread is not in main loop
2025-09-08 10:37:15 - ServerManager - INFO - Application closing...
2025-09-08 10:37:15 - ServerManager - INFO - Configuration saved
2025-09-08 10:37:15 - ServerManager - INFO - Application exited normally
2025-09-08 10:40:49 - ServerManager - INFO - ==================================================
2025-09-08 10:40:49 - ServerManager - INFO - Server Manager Application Starting
2025-09-08 10:40:49 - ServerManager - INFO - ==================================================
2025-09-08 10:40:49 - ServerManager - INFO - Ensured directory exists: Z:\Dev\etiket\runserver\config
2025-09-08 10:40:49 - ServerManager - INFO - Ensured directory exists: Z:\Dev\etiket\runserver\logs
2025-09-08 10:40:49 - ServerManager - INFO - Ensured directory exists: Z:\Dev\etiket\runserver\assets
2025-09-08 10:40:49 - ServerManager - INFO - Starting Server Manager Application
2025-09-08 10:40:58 - ServerManager - INFO - Initializing application services...
2025-09-08 10:40:58 - ServerManager - INFO - All services initialized successfully
2025-09-08 10:40:58 - ServerManager - INFO - Creating GUI...
2025-09-08 10:40:58 - ServerManager - INFO - App Event: Server Manager initialized successfully!
2025-09-08 10:40:58 - ServerManager - INFO - System tray initialized
2025-09-08 10:40:58 - ServerManager - INFO - GUI created successfully
2025-09-08 10:40:58 - ServerManager - INFO - Starting GUI main loop
2025-09-08 10:41:20 - ServerManager - INFO - App Event: Application minimized to system tray
2025-09-08 10:41:39 - ServerManager - INFO - App Event: Failed to stop sso-server
2025-09-08 10:41:39 - ServerManager - INFO - App Event: Failed to stop sso-master
2025-09-08 10:41:39 - ServerManager - INFO - App Event: Failed to stop eticket
2025-09-08 10:41:39 - ServerManager - INFO - Application closing
2025-09-08 10:41:39 - ServerManager - INFO - Cleaning up application resources...
2025-09-08 10:41:39 - ServerManager - INFO - Application cleanup completed
2025-09-08 10:41:39 - ServerManager - INFO - Application exited normally
2025-09-08 10:41:59 - ServerManager - INFO - ==================================================
2025-09-08 10:41:59 - ServerManager - INFO - Server Manager Application Starting
2025-09-08 10:41:59 - ServerManager - INFO - ==================================================
2025-09-08 10:41:59 - ServerManager - INFO - Ensured directory exists: Z:\Dev\etiket\runserver\config
2025-09-08 10:41:59 - ServerManager - INFO - Ensured directory exists: Z:\Dev\etiket\runserver\logs
2025-09-08 10:41:59 - ServerManager - INFO - Ensured directory exists: Z:\Dev\etiket\runserver\assets
2025-09-08 10:41:59 - ServerManager - INFO - Starting Server Manager Application
2025-09-08 10:42:08 - ServerManager - INFO - Initializing application services...
2025-09-08 10:42:08 - ServerManager - INFO - All services initialized successfully
2025-09-08 10:42:08 - ServerManager - INFO - Creating GUI...
2025-09-08 10:42:08 - ServerManager - INFO - App Event: Server Manager initialized successfully!
2025-09-08 10:42:08 - ServerManager - INFO - System tray initialized
2025-09-08 10:42:08 - ServerManager - INFO - GUI created successfully
2025-09-08 10:42:08 - ServerManager - INFO - Starting GUI main loop
2025-09-08 10:43:50 - ServerManager - INFO - App Event: Server 'sso-server' deleted successfully
2025-09-08 10:43:53 - ServerManager - INFO - App Event: Server 'sso-master' deleted successfully
2025-09-08 10:43:55 - ServerManager - INFO - App Event: Server 'eticket' deleted successfully
2025-09-08 10:43:56 - ServerManager - INFO - App Event: Log cleared
2025-09-08 10:45:09 - ServerManager - INFO - App Event: Added server: backend (Template: laravel)
2025-09-08 10:45:46 - ServerManager - INFO - App Event: Added server: sso-server (Template: laravel)
2025-09-08 10:46:40 - ServerManager - INFO - App Event: Added server: sso-master (Template: laravel)
2025-09-08 10:46:47 - ServerManager - INFO - App Event: Started backend
2025-09-08 10:46:47 - ServerManager - INFO - App Event: Started sso-server
2025-09-08 10:46:47 - ServerManager - INFO - App Event: Started sso-master
2025-09-08 10:48:42 - ServerManager - INFO - App Event: Theme changed to: dark
2025-09-08 10:48:44 - ServerManager - INFO - App Event: Theme changed to: light
2025-09-08 10:48:47 - ServerManager - INFO - App Event: Theme changed to: system
2025-09-08 10:49:22 - ServerManager - INFO - App Event: Executing: dir
2025-09-08 10:49:26 - ServerManager - INFO - App Event: Executing: ls
2025-09-08 10:49:36 - ServerManager - INFO - App Event: Executing: ipconfig
2025-09-08 10:49:58 - ServerManager - INFO - App Event: Application minimized to system tray
2025-09-08 10:50:15 - ServerManager - INFO - Cleaning up application resources...
2025-09-08 10:50:15 - ServerManager - INFO - Application cleanup completed
2025-09-08 10:50:17 - ServerManager - INFO - Application interrupted by user
2025-09-08 10:50:17 - ServerManager - INFO - Application exited normally
2025-09-08 10:51:30 - ServerManager - INFO - ==================================================
2025-09-08 10:51:30 - ServerManager - INFO - Server Manager Application Starting
2025-09-08 10:51:30 - ServerManager - INFO - ==================================================
2025-09-08 10:51:30 - ServerManager - INFO - Ensured directory exists: Z:\Dev\etiket\runserver\config
2025-09-08 10:51:30 - ServerManager - INFO - Ensured directory exists: Z:\Dev\etiket\runserver\logs
2025-09-08 10:51:30 - ServerManager - INFO - Ensured directory exists: Z:\Dev\etiket\runserver\assets
2025-09-08 10:51:30 - ServerManager - INFO - Starting Server Manager Application
2025-09-08 10:51:39 - ServerManager - INFO - Initializing application services...
2025-09-08 10:51:39 - ServerManager - INFO - All services initialized successfully
2025-09-08 10:51:39 - ServerManager - INFO - Creating GUI...
2025-09-08 10:51:40 - ServerManager - INFO - App Event: Server Manager initialized successfully!
2025-09-08 10:51:40 - ServerManager - INFO - System tray initialized
2025-09-08 10:51:40 - ServerManager - INFO - GUI created successfully
2025-09-08 10:51:40 - ServerManager - INFO - Starting GUI main loop
2025-09-08 10:52:26 - ServerManager - INFO - App Event: Executing: ipconfig
2025-09-08 10:52:29 - ServerManager - INFO - App Event: Application minimized to system tray
2025-09-08 10:53:30 - ServerManager - INFO - ==================================================
2025-09-08 10:53:30 - ServerManager - INFO - Server Manager Application Starting
2025-09-08 10:53:30 - ServerManager - INFO - ==================================================
2025-09-08 10:53:30 - ServerManager - INFO - Ensured directory exists: Z:\Dev\etiket\runserver\config
2025-09-08 10:53:30 - ServerManager - INFO - Ensured directory exists: Z:\Dev\etiket\runserver\logs
2025-09-08 10:53:30 - ServerManager - INFO - Ensured directory exists: Z:\Dev\etiket\runserver\assets
2025-09-08 10:53:30 - ServerManager - INFO - Starting Server Manager Application
2025-09-08 10:53:38 - ServerManager - INFO - Initializing application services...
2025-09-08 10:53:38 - ServerManager - INFO - All services initialized successfully
2025-09-08 10:53:38 - ServerManager - INFO - Creating GUI...
2025-09-08 10:53:39 - ServerManager - INFO - App Event: Server Manager initialized successfully!
2025-09-08 10:53:39 - ServerManager - INFO - System tray initialized
2025-09-08 10:53:39 - ServerManager - INFO - GUI created successfully
2025-09-08 10:53:39 - ServerManager - INFO - Starting GUI main loop
2025-09-08 10:53:50 - ServerManager - INFO - App Event: Executing: ipconfig
2025-09-08 10:53:51 - ServerManager - INFO - App Event: Output: Windows IP Configuration


Unknown adapter VPN - VPN Client:

   Media State . . . . . . . . . . . : Media disconnected
   Connection-specific DNS Suffix  . : 

Unknown adapter OpenVPN Connect DCO Adapter:

   Media State . . . . . . . . . . . : Media disconnected
   Connection-specific DNS Suffix  . : 

Wireless LAN adapter Local Area Connection* 1:

   Media State . . . . . . . . . . . : Media disconnected
   Connection-specific DNS Suffix  . : 

Wireless LAN adapter Local Area Connection* 2:

   Connection-specific DNS Suffix  . : 
   Link-local IPv6 Address . . . . . : fe80::df66:bb37:ee05:7d01%20
   IPv4 Address. . . . . . . . . . . : 192.168.137.1
   Subnet Mask . . . . . . . . . . . : 255.255.255.0
   Default Gateway . . . . . . . . . : 

Wireless LAN adapter Wi-Fi:

   Connection-specific DNS Suffix  . : 
   Link-local IPv6 Address . . . . . : fe80::1351:6927:66f4:4f80%5
   IPv4 Address. . . . . . . . . . . : 192.168.18.8
   Subnet Mask . . . . . . . . . . . : 255.255.255.0
   Default Gateway . . . . . . . . . : 192.168.18.254

Ethernet adapter Bluetooth Network Connection:

   Media State . . . . . . . . . . . : Media disconnected
   Connection-specific DNS Suffix  . :
2025-09-08 10:53:51 - ServerManager - INFO - App Event: Command executed successfully
2025-09-08 10:53:56 - ServerManager - INFO - App Event: Executing: clear
2025-09-08 10:53:56 - ServerManager - INFO - App Event: Output: [H[2J[3J
2025-09-08 10:53:56 - ServerManager - INFO - App Event: Command executed successfully
2025-09-08 10:56:49 - ServerManager - INFO - App Event: Application minimized to system tray
2025-09-08 10:58:00 - ServerManager - INFO - ==================================================
2025-09-08 10:58:00 - ServerManager - INFO - Server Manager Application Starting
2025-09-08 10:58:00 - ServerManager - INFO - ==================================================
2025-09-08 10:58:00 - ServerManager - INFO - Ensured directory exists: Z:\Dev\etiket\runserver\config
2025-09-08 10:58:00 - ServerManager - INFO - Ensured directory exists: Z:\Dev\etiket\runserver\logs
2025-09-08 10:58:00 - ServerManager - INFO - Ensured directory exists: Z:\Dev\etiket\runserver\assets
2025-09-08 10:58:00 - ServerManager - INFO - Starting Server Manager Application
2025-09-08 10:58:09 - ServerManager - INFO - Initializing application services...
2025-09-08 10:58:09 - ServerManager - INFO - All services initialized successfully
2025-09-08 10:58:09 - ServerManager - INFO - Creating GUI...
2025-09-08 10:58:10 - ServerManager - INFO - App Event: Server Manager initialized successfully!
2025-09-08 10:58:10 - ServerManager - INFO - System tray initialized
2025-09-08 10:58:10 - ServerManager - INFO - GUI created successfully
2025-09-08 10:58:10 - ServerManager - INFO - Starting GUI main loop
2025-09-08 10:58:34 - ServerManager - INFO - Application closing...
2025-09-08 10:58:34 - ServerManager - INFO - Configuration saved
2025-09-08 10:58:34 - ServerManager - INFO - Cleaning up application resources...
2025-09-08 10:58:34 - ServerManager - INFO - Application cleanup completed
2025-09-08 10:58:36 - ServerManager - INFO - Application closing...
2025-09-08 10:58:36 - ServerManager - INFO - Configuration saved
2025-09-08 10:58:36 - ServerManager - INFO - Application exited normally
2025-09-08 10:58:44 - ServerManager - INFO - ==================================================
2025-09-08 10:58:44 - ServerManager - INFO - Server Manager Application Starting
2025-09-08 10:58:44 - ServerManager - INFO - ==================================================
2025-09-08 10:58:44 - ServerManager - INFO - Ensured directory exists: Z:\Dev\etiket\runserver\config
2025-09-08 10:58:44 - ServerManager - INFO - Ensured directory exists: Z:\Dev\etiket\runserver\logs
2025-09-08 10:58:44 - ServerManager - INFO - Ensured directory exists: Z:\Dev\etiket\runserver\assets
2025-09-08 10:58:44 - ServerManager - INFO - Starting Server Manager Application
2025-09-08 10:58:53 - ServerManager - INFO - Initializing application services...
2025-09-08 10:58:53 - ServerManager - INFO - All services initialized successfully
2025-09-08 10:58:53 - ServerManager - INFO - Creating GUI...
2025-09-08 10:58:53 - ServerManager - INFO - App Event: Server Manager initialized successfully!
2025-09-08 10:58:53 - ServerManager - INFO - System tray initialized
2025-09-08 10:58:53 - ServerManager - INFO - GUI created successfully
2025-09-08 10:58:53 - ServerManager - INFO - Starting GUI main loop
2025-09-08 10:58:56 - ServerManager - INFO - Application closing...
2025-09-08 10:58:56 - ServerManager - INFO - Configuration saved
2025-09-08 10:58:56 - ServerManager - INFO - Cleaning up application resources...
2025-09-08 10:58:56 - ServerManager - INFO - Application cleanup completed
2025-09-08 10:59:00 - ServerManager - INFO - App Event: Application minimized to system tray
2025-09-08 10:59:01 - ServerManager - ERROR - Error processing logs: main thread is not in main loop
2025-09-08 10:59:06 - ServerManager - ERROR - Error showing window: main thread is not in main loop
2025-09-08 10:59:12 - ServerManager - ERROR - Error showing window: main thread is not in main loop
2025-09-08 10:59:17 - ServerManager - ERROR - Error quitting application: main thread is not in main loop
2025-09-08 11:01:09 - ServerManager - INFO - ==================================================
2025-09-08 11:01:09 - ServerManager - INFO - Server Manager Application Starting
2025-09-08 11:01:09 - ServerManager - INFO - ==================================================
2025-09-08 11:01:09 - ServerManager - INFO - Ensured directory exists: Z:\Dev\etiket\runserver\config
2025-09-08 11:01:09 - ServerManager - INFO - Ensured directory exists: Z:\Dev\etiket\runserver\logs
2025-09-08 11:01:09 - ServerManager - INFO - Ensured directory exists: Z:\Dev\etiket\runserver\assets
2025-09-08 11:01:09 - ServerManager - INFO - Starting Server Manager Application
2025-09-08 11:01:17 - ServerManager - INFO - Initializing application services...
2025-09-08 11:01:17 - ServerManager - INFO - All services initialized successfully
2025-09-08 11:01:17 - ServerManager - INFO - Creating GUI...
2025-09-08 11:01:18 - ServerManager - INFO - App Event: Server Manager initialized successfully!
2025-09-08 11:01:18 - ServerManager - INFO - System tray initialized
2025-09-08 11:01:18 - ServerManager - INFO - GUI created successfully
2025-09-08 11:01:18 - ServerManager - INFO - Starting GUI main loop
2025-09-08 11:01:25 - ServerManager - INFO - Application closing...
2025-09-08 11:01:25 - ServerManager - INFO - Configuration saved
2025-09-08 11:01:25 - ServerManager - INFO - Cleaning up application resources...
2025-09-08 11:01:25 - ServerManager - INFO - Application cleanup completed
2025-09-08 11:01:27 - ServerManager - INFO - Application closing...
2025-09-08 11:01:27 - ServerManager - INFO - Configuration saved
2025-09-08 11:01:27 - ServerManager - INFO - Application exited normally
2025-09-08 11:01:32 - ServerManager - INFO - ==================================================
2025-09-08 11:01:32 - ServerManager - INFO - Server Manager Application Starting
2025-09-08 11:01:32 - ServerManager - INFO - ==================================================
2025-09-08 11:01:32 - ServerManager - INFO - Ensured directory exists: Z:\Dev\etiket\runserver\config
2025-09-08 11:01:32 - ServerManager - INFO - Ensured directory exists: Z:\Dev\etiket\runserver\logs
2025-09-08 11:01:32 - ServerManager - INFO - Ensured directory exists: Z:\Dev\etiket\runserver\assets
2025-09-08 11:01:32 - ServerManager - INFO - Starting Server Manager Application
2025-09-08 11:01:40 - ServerManager - INFO - Initializing application services...
2025-09-08 11:01:40 - ServerManager - INFO - All services initialized successfully
2025-09-08 11:01:40 - ServerManager - INFO - Creating GUI...
2025-09-08 11:01:41 - ServerManager - INFO - App Event: Server Manager initialized successfully!
2025-09-08 11:01:41 - ServerManager - INFO - System tray initialized
2025-09-08 11:01:41 - ServerManager - INFO - GUI created successfully
2025-09-08 11:01:41 - ServerManager - INFO - Starting GUI main loop
2025-09-08 11:01:46 - ServerManager - INFO - Application closing...
2025-09-08 11:01:46 - ServerManager - INFO - Configuration saved
2025-09-08 11:01:46 - ServerManager - INFO - Cleaning up application resources...
2025-09-08 11:01:46 - ServerManager - INFO - Application cleanup completed
2025-09-08 11:01:52 - ServerManager - INFO - Application closing...
2025-09-08 11:01:52 - ServerManager - INFO - Configuration saved
2025-09-08 11:01:52 - ServerManager - INFO - Application exited normally
2025-09-08 11:02:49 - ServerManager - INFO - ==================================================
2025-09-08 11:02:49 - ServerManager - INFO - Server Manager Application Starting
2025-09-08 11:02:49 - ServerManager - INFO - ==================================================
2025-09-08 11:02:49 - ServerManager - INFO - Ensured directory exists: Z:\Dev\etiket\runserver\config
2025-09-08 11:02:49 - ServerManager - INFO - Ensured directory exists: Z:\Dev\etiket\runserver\logs
2025-09-08 11:02:49 - ServerManager - INFO - Ensured directory exists: Z:\Dev\etiket\runserver\assets
2025-09-08 11:02:49 - ServerManager - INFO - Starting Server Manager Application
2025-09-08 11:02:57 - ServerManager - INFO - Initializing application services...
2025-09-08 11:02:57 - ServerManager - INFO - All services initialized successfully
2025-09-08 11:02:57 - ServerManager - INFO - Creating GUI...
2025-09-08 11:02:58 - ServerManager - INFO - App Event: Server Manager initialized successfully!
2025-09-08 11:02:58 - ServerManager - INFO - System tray initialized
2025-09-08 11:02:58 - ServerManager - INFO - GUI created successfully
2025-09-08 11:02:58 - ServerManager - INFO - Starting GUI main loop
2025-09-08 11:03:02 - ServerManager - INFO - Application closing...
2025-09-08 11:03:02 - ServerManager - INFO - Configuration saved
2025-09-08 11:03:02 - ServerManager - INFO - Cleaning up application resources...
2025-09-08 11:03:02 - ServerManager - INFO - Application cleanup completed
2025-09-08 11:03:10 - ServerManager - INFO - Application closing...
2025-09-08 11:03:10 - ServerManager - INFO - Configuration saved
2025-09-08 11:03:10 - ServerManager - INFO - Application exited normally
2025-09-08 11:03:41 - ServerManager - INFO - ==================================================
2025-09-08 11:03:41 - ServerManager - INFO - Server Manager Application Starting
2025-09-08 11:03:41 - ServerManager - INFO - ==================================================
2025-09-08 11:03:41 - ServerManager - INFO - Ensured directory exists: Z:\Dev\etiket\runserver\config
2025-09-08 11:03:41 - ServerManager - INFO - Ensured directory exists: Z:\Dev\etiket\runserver\logs
2025-09-08 11:03:41 - ServerManager - INFO - Ensured directory exists: Z:\Dev\etiket\runserver\assets
2025-09-08 11:03:41 - ServerManager - INFO - Starting Server Manager Application
2025-09-08 11:03:49 - ServerManager - INFO - Initializing application services...
2025-09-08 11:03:49 - ServerManager - INFO - All services initialized successfully
2025-09-08 11:03:49 - ServerManager - INFO - Creating GUI...
2025-09-08 11:03:50 - ServerManager - INFO - App Event: Server Manager initialized successfully!
2025-09-08 11:03:50 - ServerManager - INFO - System tray initialized
2025-09-08 11:03:50 - ServerManager - INFO - GUI created successfully
2025-09-08 11:03:50 - ServerManager - INFO - Starting GUI main loop
2025-09-08 11:03:54 - ServerManager - INFO - App Event: Application minimized to system tray
2025-09-08 11:03:59 - ServerManager - INFO - App Event: Window restored from system tray
2025-09-08 11:04:01 - ServerManager - INFO - Application closing...
2025-09-08 11:04:01 - ServerManager - INFO - Configuration saved
2025-09-08 11:04:01 - ServerManager - INFO - Cleaning up application resources...
2025-09-08 11:04:01 - ServerManager - INFO - Application cleanup completed
2025-09-08 11:04:04 - ServerManager - INFO - Application closing...
2025-09-08 11:04:04 - ServerManager - INFO - Configuration saved
2025-09-08 11:04:04 - ServerManager - INFO - Application exited normally
2025-09-08 11:04:23 - ServerManager - INFO - ==================================================
2025-09-08 11:04:23 - ServerManager - INFO - Server Manager Application Starting
2025-09-08 11:04:23 - ServerManager - INFO - ==================================================
2025-09-08 11:04:23 - ServerManager - INFO - Ensured directory exists: Z:\Dev\etiket\runserver\config
2025-09-08 11:04:23 - ServerManager - INFO - Ensured directory exists: Z:\Dev\etiket\runserver\logs
2025-09-08 11:04:23 - ServerManager - INFO - Ensured directory exists: Z:\Dev\etiket\runserver\assets
2025-09-08 11:04:23 - ServerManager - INFO - Starting Server Manager Application
2025-09-08 11:04:31 - ServerManager - INFO - Initializing application services...
2025-09-08 11:04:31 - ServerManager - INFO - All services initialized successfully
2025-09-08 11:04:31 - ServerManager - INFO - Creating GUI...
2025-09-08 11:04:32 - ServerManager - INFO - App Event: Server Manager initialized successfully!
2025-09-08 11:04:32 - ServerManager - INFO - System tray initialized
2025-09-08 11:04:32 - ServerManager - INFO - GUI created successfully
2025-09-08 11:04:32 - ServerManager - INFO - Starting GUI main loop
2025-09-08 11:04:37 - ServerManager - INFO - App Event: Started sso-server
2025-09-08 11:04:40 - ServerManager - INFO - Application closing...
2025-09-08 11:04:40 - ServerManager - INFO - Configuration saved
2025-09-08 11:04:40 - ServerManager - INFO - Cleaning up application resources...
2025-09-08 11:04:40 - ServerManager - INFO - Application cleanup completed
2025-09-08 11:04:42 - ServerManager - INFO - Application closing...
2025-09-08 11:04:42 - ServerManager - INFO - Configuration saved
2025-09-08 11:04:42 - ServerManager - INFO - Application exited normally
2025-09-08 11:06:35 - ServerManager - INFO - ==================================================
2025-09-08 11:06:35 - ServerManager - INFO - Server Manager Application Starting
2025-09-08 11:06:35 - ServerManager - INFO - ==================================================
2025-09-08 11:06:35 - ServerManager - INFO - Ensured directory exists: Z:\Dev\etiket\runserver\config
2025-09-08 11:06:35 - ServerManager - INFO - Ensured directory exists: Z:\Dev\etiket\runserver\logs
2025-09-08 11:06:35 - ServerManager - INFO - Ensured directory exists: Z:\Dev\etiket\runserver\assets
2025-09-08 11:06:35 - ServerManager - INFO - Starting Server Manager Application
2025-09-08 11:06:43 - ServerManager - INFO - Initializing application services...
2025-09-08 11:06:43 - ServerManager - INFO - All services initialized successfully
2025-09-08 11:06:43 - ServerManager - INFO - Creating GUI...
2025-09-08 11:06:44 - ServerManager - INFO - App Event: Server Manager initialized successfully!
2025-09-08 11:06:44 - ServerManager - INFO - System tray initialized
2025-09-08 11:06:44 - ServerManager - INFO - GUI created successfully
2025-09-08 11:06:44 - ServerManager - INFO - Starting GUI main loop
2025-09-08 11:06:48 - ServerManager - INFO - App Event: Theme changed to: light
2025-09-08 11:06:50 - ServerManager - INFO - App Event: Theme changed to: system
2025-09-08 11:06:54 - ServerManager - INFO - Application closing...
2025-09-08 11:06:54 - ServerManager - INFO - Configuration saved
2025-09-08 11:06:54 - ServerManager - INFO - Cleaning up application resources...
2025-09-08 11:06:54 - ServerManager - INFO - Application cleanup completed
2025-09-08 11:07:00 - ServerManager - INFO - Application closing...
2025-09-08 11:07:00 - ServerManager - INFO - Configuration saved
2025-09-08 11:07:00 - ServerManager - INFO - Application exited normally
2025-09-08 11:08:14 - ServerManager - INFO - ==================================================
2025-09-08 11:08:14 - ServerManager - INFO - Server Manager Application Starting
2025-09-08 11:08:14 - ServerManager - INFO - ==================================================
2025-09-08 11:08:14 - ServerManager - INFO - Ensured directory exists: Z:\Dev\etiket\runserver\config
2025-09-08 11:08:14 - ServerManager - INFO - Ensured directory exists: Z:\Dev\etiket\runserver\logs
2025-09-08 11:08:14 - ServerManager - INFO - Ensured directory exists: Z:\Dev\etiket\runserver\assets
2025-09-08 11:08:14 - ServerManager - INFO - Starting Server Manager Application
2025-09-08 11:08:23 - ServerManager - INFO - Initializing application services...
2025-09-08 11:08:23 - ServerManager - INFO - All services initialized successfully
2025-09-08 11:08:23 - ServerManager - INFO - Creating GUI...
2025-09-08 11:08:24 - ServerManager - INFO - App Event: Server Manager initialized successfully!
2025-09-08 11:08:24 - ServerManager - INFO - System tray initialized
2025-09-08 11:08:24 - ServerManager - INFO - GUI created successfully
2025-09-08 11:08:24 - ServerManager - INFO - Starting GUI main loop
2025-09-08 11:08:26 - ServerManager - INFO - App Event: Started backend
2025-09-08 11:08:26 - ServerManager - INFO - App Event: Started sso-server
2025-09-08 11:08:26 - ServerManager - INFO - App Event: Started sso-master
2025-09-08 11:08:37 - ServerManager - INFO - Application closing...
2025-09-08 11:08:37 - ServerManager - INFO - Configuration saved
2025-09-08 11:08:37 - ServerManager - INFO - Cleaning up application resources...
2025-09-08 11:08:37 - ServerManager - INFO - Application cleanup completed
2025-09-08 11:08:39 - ServerManager - INFO - Application closing...
2025-09-08 11:08:39 - ServerManager - INFO - Configuration saved
2025-09-08 11:08:39 - ServerManager - INFO - Application exited normally
2025-09-08 11:10:03 - ServerManager - INFO - ==================================================
2025-09-08 11:10:03 - ServerManager - INFO - Server Manager Application Starting
2025-09-08 11:10:03 - ServerManager - INFO - ==================================================
2025-09-08 11:10:03 - ServerManager - INFO - Ensured directory exists: Z:\Dev\etiket\runserver\config
2025-09-08 11:10:03 - ServerManager - INFO - Ensured directory exists: Z:\Dev\etiket\runserver\logs
2025-09-08 11:10:03 - ServerManager - INFO - Ensured directory exists: Z:\Dev\etiket\runserver\assets
2025-09-08 11:10:03 - ServerManager - INFO - Starting Server Manager Application
2025-09-08 11:10:12 - ServerManager - INFO - Initializing application services...
2025-09-08 11:10:12 - ServerManager - INFO - All services initialized successfully
2025-09-08 11:10:12 - ServerManager - INFO - Creating GUI...
2025-09-08 11:10:13 - ServerManager - INFO - App Event: Server Manager initialized successfully!
2025-09-08 11:10:13 - ServerManager - INFO - System tray initialized
2025-09-08 11:10:13 - ServerManager - INFO - GUI created successfully
2025-09-08 11:10:13 - ServerManager - INFO - Starting GUI main loop
2025-09-08 11:14:01 - ServerManager - INFO - App Event: Application minimized to system tray
2025-09-08 11:14:07 - ServerManager - INFO - App Event: Window restored from system tray
2025-09-08 11:14:11 - ServerManager - INFO - App Event: Failed to stop backend
2025-09-08 11:14:11 - ServerManager - INFO - App Event: Failed to stop sso-server
2025-09-08 11:14:11 - ServerManager - INFO - App Event: Failed to stop sso-master
2025-09-08 11:14:18 - ServerManager - INFO - Application closing...
2025-09-08 11:14:18 - ServerManager - INFO - Configuration saved
2025-09-08 11:14:18 - ServerManager - INFO - Cleaning up application resources...
2025-09-08 11:14:18 - ServerManager - INFO - Application cleanup completed
2025-09-08 11:14:21 - ServerManager - INFO - Application closing...
2025-09-08 11:14:21 - ServerManager - INFO - Configuration saved
2025-09-08 11:14:21 - ServerManager - INFO - Application exited normally
